TN:
SF:src\app.controller.ts
FN:24,(anonymous_2)
FN:32,(anonymous_3)
FN:56,(anonymous_4)
FNF:3
FNH:3
FNDA:6,(anonymous_2)
FNDA:4,(anonymous_3)
FNDA:3,(anonymous_4)
DA:3,4
DA:4,4
DA:10,4
DA:11,4
DA:12,4
DA:23,4
DA:24,6
DA:32,4
DA:33,4
DA:56,4
DA:57,3
LF:11
LH:11
BRDA:61,0,0,3
BRDA:61,0,1,3
BRDA:24,1,0,4
BRDA:24,1,1,0
BRDA:24,2,0,4
BRDA:24,2,1,4
BRF:6
BRH:5
end_of_record
TN:
SF:src\app.service.ts
FN:6,(anonymous_1)
FN:11,(anonymous_2)
FNF:2
FNH:2
FNDA:4,(anonymous_1)
FNDA:2,(anonymous_2)
DA:1,4
DA:2,4
DA:5,4
DA:7,4
DA:12,2
DA:18,2
DA:19,2
LF:7
LH:7
BRDA:19,0,0,1
BRDA:19,0,1,1
BRF:2
BRH:2
end_of_record
TN:
SF:src\lib\db\schema.ts
FN:34,(anonymous_0)
FN:113,(anonymous_1)
FN:141,(anonymous_2)
FN:144,(anonymous_3)
FNF:4
FNH:2
FNDA:3,(anonymous_0)
FNDA:0,(anonymous_1)
FNDA:0,(anonymous_2)
FNDA:3,(anonymous_3)
DA:1,11
DA:14,11
DA:17,11
DA:34,3
DA:66,11
DA:113,0
DA:141,0
DA:144,3
LF:8
LH:6
BRF:0
BRH:0
end_of_record
TN:
SF:src\modules\auth\auth.controller.ts
FN:62,(anonymous_13)
FN:142,(anonymous_14)
FN:213,(anonymous_15)
FN:266,(anonymous_16)
FNF:4
FNH:4
FNDA:3,(anonymous_13)
FNDA:9,(anonymous_14)
FNDA:7,(anonymous_15)
FNDA:3,(anonymous_16)
DA:3,4
DA:13,4
DA:23,4
DA:24,4
DA:34,4
DA:36,4
DA:37,4
DA:38,4
DA:39,4
DA:40,4
DA:59,4
DA:60,3
DA:62,3
DA:142,4
DA:146,9
DA:147,9
DA:213,4
DA:216,7
DA:217,7
DA:266,4
DA:267,3
DA:268,3
LF:22
LH:22
BRDA:144,0,0,0
BRDA:144,0,1,4
BRDA:144,1,0,4
BRDA:144,1,1,4
BRDA:145,2,0,4
BRDA:145,2,1,0
BRDA:145,3,0,4
BRDA:145,3,1,4
BRDA:214,4,0,0
BRDA:214,4,1,4
BRDA:214,5,0,4
BRDA:214,5,1,4
BRDA:215,6,0,4
BRDA:215,6,1,0
BRDA:215,7,0,4
BRDA:215,7,1,4
BRDA:62,8,0,4
BRDA:62,8,1,0
BRDA:62,9,0,4
BRDA:62,9,1,4
BRF:20
BRH:15
end_of_record
TN:
SF:src\modules\auth\auth.service.ts
FN:41,(anonymous_2)
FN:63,(anonymous_3)
FN:95,(anonymous_4)
FN:129,(anonymous_5)
FN:136,(anonymous_6)
FN:150,(anonymous_7)
FN:177,(anonymous_8)
FNF:7
FNH:7
FNDA:14,(anonymous_2)
FNDA:13,(anonymous_3)
FNDA:12,(anonymous_4)
FNDA:2,(anonymous_5)
FNDA:1,(anonymous_6)
FNDA:16,(anonymous_7)
FNDA:14,(anonymous_8)
DA:3,5
DA:4,5
DA:5,5
DA:6,5
DA:35,5
DA:36,14
DA:42,14
DA:43,14
DA:44,14
DA:48,14
DA:49,14
DA:64,13
DA:67,13
DA:74,10
DA:76,10
DA:78,10
DA:96,12
DA:99,12
DA:105,12
DA:106,6
DA:108,6
DA:112,6
DA:114,6
DA:116,6
DA:130,2
DA:137,1
DA:152,16
DA:159,16
DA:161,16
DA:178,14
DA:180,14
DA:181,0
DA:184,0
DA:187,14
DA:188,14
DA:190,14
DA:192,0
DA:194,14
DA:196,0
DA:198,0
DA:200,0
LF:41
LH:35
BRDA:48,0,0,14
BRDA:48,0,1,0
BRDA:105,1,0,6
BRDA:105,1,1,6
BRDA:180,2,0,0
BRDA:180,2,1,14
BRDA:188,3,0,14
BRDA:188,3,1,0
BRDA:190,4,0,0
BRDA:190,4,1,14
BRDA:190,4,2,0
BRDA:190,4,3,0
BRDA:190,4,4,0
BRDA:42,5,0,5
BRDA:42,5,1,0
BRDA:42,6,0,5
BRDA:42,6,1,5
BRDA:42,7,0,5
BRDA:42,7,1,0
BRDA:42,8,0,5
BRDA:42,8,1,5
BRDA:43,9,0,5
BRDA:43,9,1,0
BRDA:43,10,0,5
BRDA:43,10,1,5
BRF:25
BRH:15
end_of_record
TN:
SF:src\modules\auth\decorators\current-user.decorator.ts
FN:32,(anonymous_0)
FNF:1
FNH:1
FNDA:6,(anonymous_0)
DA:3,5
DA:32,5
DA:36,6
DA:37,6
DA:39,6
DA:40,1
DA:43,5
DA:44,1
DA:47,4
DA:50,5
LF:10
LH:10
BRDA:39,0,0,1
BRDA:39,0,1,5
BRDA:43,1,0,1
BRDA:43,1,1,4
BRF:4
BRH:4
end_of_record
TN:
SF:src\modules\auth\decorators\public.decorator.ts
FN:32,(anonymous_0)
FNF:1
FNH:1
FNDA:12,(anonymous_0)
DA:3,5
DA:9,5
DA:32,12
LF:3
LH:3
BRF:0
BRH:0
end_of_record
TN:
SF:src\modules\auth\decorators\roles.decorator.ts
FN:35,(anonymous_0)
FNF:1
FNH:0
FNDA:0,(anonymous_0)
DA:3,5
DA:9,5
DA:35,5
LF:3
LH:3
BRF:0
BRH:0
end_of_record
TN:
SF:src\modules\auth\guards\jwt-auth.guard.ts
FN:44,(anonymous_2)
FN:54,(anonymous_3)
FN:83,(anonymous_4)
FNF:3
FNH:3
FNDA:15,(anonymous_2)
FNDA:39,(anonymous_3)
FNDA:14,(anonymous_4)
DA:3,5
DA:9,5
DA:10,5
DA:11,5
DA:41,5
DA:42,15
DA:44,15
DA:45,15
DA:56,39
DA:62,39
DA:63,28
DA:64,28
DA:68,11
DA:85,14
DA:86,1
DA:87,1
DA:91,13
DA:93,6
DA:94,6
DA:95,6
DA:98,7
LF:21
LH:21
BRDA:62,0,0,28
BRDA:62,0,1,11
BRDA:85,1,0,1
BRDA:85,1,1,13
BRDA:91,2,0,6
BRDA:91,2,1,7
BRDA:93,3,0,6
BRDA:93,3,1,1
BRDA:44,4,0,5
BRDA:44,4,1,0
BRDA:44,5,0,5
BRDA:44,5,1,5
BRF:12
BRH:11
end_of_record
TN:
SF:src\modules\auth\guards\roles.guard.ts
FN:43,(anonymous_2)
FN:52,(anonymous_3)
FNF:2
FNH:2
FNDA:9,(anonymous_2)
FNDA:6,(anonymous_3)
DA:3,5
DA:10,5
DA:13,5
DA:40,5
DA:41,9
DA:43,9
DA:54,6
DA:60,6
DA:61,2
DA:65,4
DA:66,4
DA:69,4
DA:70,1
DA:73,1
DA:77,3
DA:79,3
DA:80,1
DA:84,1
DA:89,2
DA:90,2
LF:20
LH:20
BRDA:60,0,0,2
BRDA:60,0,1,4
BRDA:60,1,0,6
BRDA:60,1,1,5
BRDA:69,2,0,1
BRDA:69,2,1,3
BRDA:79,3,0,1
BRDA:79,3,1,2
BRDA:43,4,0,5
BRDA:43,4,1,0
BRDA:43,5,0,5
BRDA:43,5,1,5
BRF:12
BRH:11
end_of_record
TN:
SF:src\modules\auth\strategies\jwt.strategy.ts
FN:36,(anonymous_2)
FN:67,(anonymous_3)
FNF:2
FNH:2
FNDA:5,(anonymous_2)
FNDA:9,(anonymous_3)
DA:3,5
DA:4,5
DA:5,5
DA:6,5
DA:7,5
DA:33,5
DA:34,5
DA:37,5
DA:38,5
DA:41,5
DA:68,9
DA:72,9
DA:73,9
DA:75,7
DA:76,7
DA:80,2
DA:81,2
LF:17
LH:17
BRDA:49,0,0,5
BRDA:49,0,1,0
BRDA:37,1,0,5
BRDA:37,1,1,0
BRDA:37,2,0,5
BRDA:37,2,1,5
BRDA:37,3,0,5
BRDA:37,3,1,0
BRDA:37,4,0,5
BRDA:37,4,1,5
BRF:10
BRH:7
end_of_record
TN:
SF:src\modules\snippets\snippets.repository.ts
FN:45,(anonymous_2)
FN:60,(anonymous_3)
FN:84,(anonymous_4)
FN:107,(anonymous_5)
FN:129,(anonymous_6)
FN:167,(anonymous_7)
FN:217,(anonymous_8)
FN:238,(anonymous_9)
FN:290,(anonymous_10)
FN:319,(anonymous_11)
FN:345,(anonymous_12)
FN:374,(anonymous_13)
FN:396,(anonymous_14)
FN:410,(anonymous_15)
FN:427,(anonymous_16)
FN:437,(anonymous_17)
FN:439,(anonymous_18)
FN:443,(anonymous_19)
FN:448,(anonymous_20)
FN:467,(anonymous_21)
FN:499,(anonymous_22)
FNF:21
FNH:21
FNDA:26,(anonymous_2)
FNDA:1,(anonymous_3)
FNDA:2,(anonymous_4)
FNDA:3,(anonymous_5)
FNDA:3,(anonymous_6)
FNDA:1,(anonymous_7)
FNDA:1,(anonymous_8)
FNDA:2,(anonymous_9)
FNDA:3,(anonymous_10)
FNDA:2,(anonymous_11)
FNDA:2,(anonymous_12)
FNDA:1,(anonymous_13)
FNDA:1,(anonymous_14)
FNDA:1,(anonymous_15)
FNDA:2,(anonymous_16)
FNDA:3,(anonymous_17)
FNDA:3,(anonymous_18)
FNDA:3,(anonymous_19)
FNDA:2,(anonymous_20)
FNDA:1,(anonymous_21)
FNDA:2,(anonymous_22)
DA:3,2
DA:4,2
DA:5,2
DA:6,2
DA:7,2
DA:42,2
DA:43,26
DA:45,26
DA:61,1
DA:63,1
DA:68,1
DA:69,1
DA:85,2
DA:87,2
DA:91,2
DA:108,3
DA:110,3
DA:130,3
DA:134,3
DA:135,3
DA:138,3
DA:146,3
DA:151,3
DA:171,1
DA:174,1
DA:175,1
DA:178,1
DA:197,1
DA:202,1
DA:218,1
DA:220,1
DA:244,2
DA:246,2
DA:247,2
DA:250,2
DA:251,2
DA:254,2
DA:255,2
DA:258,2
DA:266,2
DA:271,2
DA:291,3
DA:293,3
DA:302,3
DA:303,1
DA:304,1
DA:307,2
DA:308,2
DA:320,2
DA:322,2
DA:330,2
DA:346,2
DA:348,2
DA:353,2
DA:354,1
DA:355,1
DA:358,1
DA:359,1
DA:375,1
DA:377,1
DA:382,1
DA:383,1
DA:397,1
DA:402,1
DA:411,1
DA:416,1
DA:428,2
DA:431,2
DA:436,2
DA:437,3
DA:438,2
DA:439,3
DA:442,2
DA:443,3
DA:447,2
DA:448,2
DA:451,2
DA:470,1
DA:474,1
DA:476,1
DA:486,1
DA:500,2
DA:502,2
DA:503,1
DA:506,2
DA:507,1
DA:510,2
DA:511,1
DA:514,2
DA:517,1
DA:518,1
DA:526,2
DA:527,1
DA:530,2
DA:531,1
DA:534,2
LF:96
LH:96
BRDA:91,0,0,2
BRDA:91,0,1,1
BRDA:107,1,0,1
BRDA:129,2,0,0
BRDA:129,3,0,0
BRDA:168,4,0,0
BRDA:169,5,0,0
BRDA:217,6,0,1
BRDA:239,7,0,1
BRDA:240,8,0,1
BRDA:241,9,0,1
BRDA:242,10,0,1
BRDA:251,11,0,1
BRDA:251,11,1,1
BRDA:255,12,0,1
BRDA:255,12,1,1
BRDA:302,13,0,1
BRDA:302,13,1,2
BRDA:353,14,0,1
BRDA:353,14,1,1
BRDA:471,15,0,0
BRDA:471,15,1,1
BRDA:474,16,0,0
BRDA:474,16,1,1
BRDA:502,17,0,1
BRDA:502,17,1,1
BRDA:506,18,0,1
BRDA:506,18,1,1
BRDA:510,19,0,1
BRDA:510,19,1,1
BRDA:514,20,0,1
BRDA:514,20,1,1
BRDA:526,21,0,1
BRDA:526,21,1,1
BRDA:530,22,0,1
BRDA:530,22,1,1
BRDA:45,23,0,2
BRDA:45,23,1,0
BRDA:45,24,0,2
BRDA:45,24,1,2
BRF:40
BRH:33
end_of_record
TN:
SF:src\modules\snippets\snippets.service.ts
FN:46,(anonymous_2)
FN:65,(anonymous_3)
FN:108,(anonymous_4)
FN:134,(anonymous_5)
FN:142,(anonymous_6)
FN:165,(anonymous_7)
FN:180,(anonymous_8)
FN:201,(anonymous_9)
FN:224,(anonymous_10)
FN:245,(anonymous_11)
FN:269,(anonymous_12)
FN:326,(anonymous_13)
FN:373,(anonymous_14)
FN:411,(anonymous_15)
FN:422,(anonymous_16)
FN:432,(anonymous_17)
FN:452,(anonymous_18)
FNF:17
FNH:13
FNDA:31,(anonymous_2)
FNDA:8,(anonymous_3)
FNDA:9,(anonymous_4)
FNDA:2,(anonymous_5)
FNDA:1,(anonymous_6)
FNDA:2,(anonymous_7)
FNDA:3,(anonymous_8)
FNDA:0,(anonymous_9)
FNDA:0,(anonymous_10)
FNDA:0,(anonymous_11)
FNDA:6,(anonymous_12)
FNDA:3,(anonymous_13)
FNDA:5,(anonymous_14)
FNDA:1,(anonymous_15)
FNDA:1,(anonymous_16)
FNDA:0,(anonymous_17)
FNDA:11,(anonymous_18)
DA:3,1
DA:10,1
DA:11,1
DA:43,1
DA:44,31
DA:46,31
DA:75,8
DA:78,8
DA:81,2
DA:87,2
DA:88,2
DA:109,9
DA:111,9
DA:113,9
DA:114,2
DA:118,7
DA:119,2
DA:122,5
DA:138,2
DA:142,2
DA:143,1
DA:149,2
DA:166,2
DA:167,2
DA:181,3
DA:184,3
DA:185,3
DA:187,3
DA:205,0
DA:207,0
DA:208,0
DA:210,0
DA:230,0
DA:232,0
DA:233,0
DA:235,0
DA:246,0
DA:247,0
DA:281,6
DA:284,6
DA:286,6
DA:287,1
DA:291,5
DA:292,2
DA:296,3
DA:297,3
DA:305,2
DA:307,2
DA:309,0
DA:312,2
DA:313,2
DA:331,3
DA:333,3
DA:335,3
DA:336,0
DA:339,3
DA:340,1
DA:343,2
DA:347,2
DA:348,0
DA:351,2
DA:354,2
DA:374,5
DA:377,5
DA:379,5
DA:380,1
DA:384,4
DA:385,2
DA:389,2
DA:391,2
DA:393,0
DA:396,2
DA:412,1
DA:413,1
DA:423,1
DA:433,0
DA:436,0
DA:458,11
DA:459,11
DA:460,11
DA:461,2
DA:467,9
DA:468,2
DA:475,7
DA:476,7
DA:477,7
DA:478,3
DA:484,4
DA:485,0
DA:492,4
DA:493,4
DA:494,4
DA:495,0
LF:93
LH:75
BRDA:84,0,0,2
BRDA:84,0,1,1
BRDA:113,1,0,2
BRDA:113,1,1,7
BRDA:118,2,0,2
BRDA:118,2,1,5
BRDA:118,3,0,7
BRDA:118,3,1,3
BRDA:165,4,0,1
BRDA:180,5,0,0
BRDA:180,6,0,0
BRDA:202,7,0,0
BRDA:203,8,0,0
BRDA:225,9,0,0
BRDA:226,10,0,0
BRDA:227,11,0,0
BRDA:228,12,0,0
BRDA:245,13,0,0
BRDA:286,14,0,1
BRDA:286,14,1,5
BRDA:291,15,0,2
BRDA:291,15,1,3
BRDA:291,16,0,5
BRDA:291,16,1,3
BRDA:296,17,0,3
BRDA:296,17,1,0
BRDA:296,18,0,3
BRDA:296,18,1,0
BRDA:298,19,0,3
BRDA:298,19,1,0
BRDA:299,20,0,3
BRDA:299,20,1,3
BRDA:300,21,0,3
BRDA:300,21,1,3
BRDA:307,22,0,0
BRDA:307,22,1,2
BRDA:335,23,0,0
BRDA:335,23,1,3
BRDA:339,24,0,1
BRDA:339,24,1,2
BRDA:339,25,0,3
BRDA:339,25,1,1
BRDA:347,26,0,0
BRDA:347,26,1,2
BRDA:352,27,0,1
BRDA:352,27,1,1
BRDA:379,28,0,1
BRDA:379,28,1,4
BRDA:384,29,0,2
BRDA:384,29,1,2
BRDA:384,30,0,4
BRDA:384,30,1,3
BRDA:391,31,0,0
BRDA:391,31,1,2
BRDA:434,32,0,0
BRDA:434,32,1,0
BRDA:458,33,0,11
BRDA:458,33,1,0
BRDA:460,34,0,2
BRDA:460,34,1,9
BRDA:467,35,0,2
BRDA:467,35,1,7
BRDA:475,36,0,7
BRDA:475,36,1,0
BRDA:477,37,0,3
BRDA:477,37,1,4
BRDA:484,38,0,0
BRDA:484,38,1,4
BRDA:492,39,0,4
BRDA:492,39,1,0
BRDA:494,40,0,0
BRDA:494,40,1,4
BRDA:46,41,0,1
BRDA:46,41,1,0
BRDA:46,42,0,1
BRDA:46,42,1,1
BRF:76
BRH:52
end_of_record
TN:
SF:src\modules\snippets\snippets.types.ts
FN:223,toSnippetPreview
FN:236,calculatePaginationMeta
FNF:2
FNH:1
FNDA:0,toSnippetPreview
FNDA:6,calculatePaginationMeta
DA:194,2
DA:223,2
DA:225,0
DA:226,0
DA:236,2
DA:241,6
DA:243,6
LF:7
LH:5
BRF:0
BRH:0
end_of_record
TN:
SF:src\modules\users\users.repository.ts
FN:30,(anonymous_2)
FN:38,(anonymous_3)
FN:55,(anonymous_4)
FN:72,(anonymous_5)
FN:90,(anonymous_6)
FN:119,(anonymous_7)
FN:141,(anonymous_8)
FN:170,(anonymous_9)
FN:200,(anonymous_10)
FN:222,(anonymous_11)
FNF:10
FNH:10
FNDA:19,(anonymous_2)
FNDA:8,(anonymous_3)
FNDA:9,(anonymous_4)
FNDA:2,(anonymous_5)
FNDA:11,(anonymous_6)
FNDA:8,(anonymous_7)
FNDA:2,(anonymous_8)
FNDA:2,(anonymous_9)
FNDA:2,(anonymous_10)
FNDA:1,(anonymous_11)
DA:3,8
DA:4,8
DA:5,8
DA:6,8
DA:27,8
DA:28,19
DA:30,19
DA:39,8
DA:41,8
DA:45,8
DA:56,9
DA:58,9
DA:62,9
DA:73,2
DA:75,2
DA:79,2
DA:94,11
DA:98,11
DA:105,11
DA:120,8
DA:122,8
DA:130,8
DA:131,8
DA:142,2
DA:144,2
DA:153,2
DA:154,1
DA:155,1
DA:158,1
DA:159,1
DA:171,2
DA:173,2
DA:182,2
DA:183,1
DA:184,1
DA:187,1
DA:188,1
DA:201,2
DA:203,2
DA:208,2
DA:209,1
DA:210,1
DA:213,1
DA:214,1
DA:223,1
DA:228,1
LF:46
LH:46
BRDA:45,0,0,8
BRDA:45,0,1,1
BRDA:62,1,0,9
BRDA:62,1,1,3
BRDA:79,2,0,2
BRDA:79,2,1,1
BRDA:105,3,0,11
BRDA:105,3,1,8
BRDA:153,4,0,1
BRDA:153,4,1,1
BRDA:182,5,0,1
BRDA:182,5,1,1
BRDA:208,6,0,1
BRDA:208,6,1,1
BRDA:30,7,0,8
BRDA:30,7,1,0
BRDA:30,8,0,8
BRDA:30,8,1,8
BRF:18
BRH:17
end_of_record
TN:
SF:src\modules\users\users.service.ts
FN:49,(anonymous_11)
FN:71,(anonymous_12)
FN:85,(anonymous_13)
FN:105,(anonymous_14)
FN:149,(anonymous_15)
FN:169,(anonymous_16)
FN:187,(anonymous_17)
FN:205,(anonymous_18)
FN:250,(anonymous_19)
FN:288,(anonymous_20)
FN:317,(anonymous_21)
FNF:11
FNH:11
FNDA:27,(anonymous_11)
FNDA:11,(anonymous_12)
FNDA:15,(anonymous_13)
FNDA:15,(anonymous_14)
FNDA:8,(anonymous_15)
FNDA:13,(anonymous_16)
FNDA:2,(anonymous_17)
FNDA:2,(anonymous_18)
FNDA:3,(anonymous_19)
FNDA:2,(anonymous_20)
FNDA:11,(anonymous_21)
DA:3,7
DA:9,7
DA:10,7
DA:11,7
DA:43,7
DA:46,7
DA:47,27
DA:49,27
DA:72,11
DA:86,15
DA:106,15
DA:109,15
DA:112,15
DA:117,15
DA:119,6
DA:120,3
DA:122,3
DA:126,9
DA:129,9
DA:135,9
DA:138,9
DA:150,8
DA:152,8
DA:153,1
DA:156,7
DA:170,13
DA:172,13
DA:173,5
DA:176,8
DA:188,2
DA:190,2
DA:191,1
DA:194,1
DA:206,2
DA:209,2
DA:210,2
DA:211,1
DA:215,1
DA:216,0
DA:219,0
DA:220,0
DA:225,1
DA:228,1
DA:229,0
DA:232,1
DA:233,1
DA:255,3
DA:258,3
DA:259,3
DA:260,1
DA:264,2
DA:269,2
DA:270,1
DA:274,1
DA:275,1
DA:277,1
DA:278,1
DA:289,2
DA:291,2
DA:293,2
DA:294,1
DA:297,1
DA:298,1
DA:322,11
DA:324,11
DA:329,4
DA:333,4
DA:337,7
DA:342,7
DA:343,3
DA:347,4
LF:71
LH:67
BRDA:117,0,0,6
BRDA:117,0,1,9
BRDA:119,1,0,3
BRDA:119,1,1,3
BRDA:152,2,0,1
BRDA:152,2,1,7
BRDA:172,3,0,5
BRDA:172,3,1,8
BRDA:190,4,0,1
BRDA:190,4,1,1
BRDA:210,5,0,1
BRDA:210,5,1,1
BRDA:215,6,0,0
BRDA:215,6,1,1
BRDA:215,7,0,1
BRDA:215,7,1,0
BRDA:219,8,0,0
BRDA:219,8,1,0
BRDA:219,9,0,0
BRDA:219,9,1,0
BRDA:228,10,0,0
BRDA:228,10,1,1
BRDA:259,11,0,1
BRDA:259,11,1,2
BRDA:269,12,0,1
BRDA:269,12,1,1
BRDA:293,13,0,1
BRDA:293,13,1,1
BRDA:324,14,0,4
BRDA:324,14,1,7
BRDA:342,15,0,3
BRDA:342,15,1,4
BRDA:49,16,0,7
BRDA:49,16,1,0
BRDA:49,17,0,7
BRDA:49,17,1,7
BRF:36
BRH:28
end_of_record
TN:
SF:src\modules\users\users.types.ts
FN:74,toSafeUser
FN:91,toFullUser
FNF:2
FNH:2
FNDA:30,toSafeUser
FNDA:8,toFullUser
DA:74,7
DA:75,30
DA:91,7
DA:92,8
LF:4
LH:4
BRF:0
BRH:0
end_of_record
TN:
SF:src\shared\constants\error-codes.constant.ts
FNF:0
FNH:0
DA:25,14
DA:112,14
LF:2
LH:2
BRF:0
BRH:0
end_of_record
TN:
SF:src\shared\database\database.service.ts
FN:34,(anonymous_12)
FN:40,(anonymous_13)
FN:51,(anonymous_14)
FN:95,(anonymous_15)
FN:110,(anonymous_16)
FN:128,(anonymous_17)
FNF:6
FNH:6
FNDA:7,(anonymous_12)
FNDA:30,(anonymous_13)
FNDA:3,(anonymous_14)
FNDA:4,(anonymous_15)
FNDA:3,(anonymous_16)
FNDA:1,(anonymous_17)
DA:3,11
DA:9,11
DA:10,11
DA:11,11
DA:12,11
DA:29,11
DA:30,7
DA:34,7
DA:41,30
DA:42,1
DA:44,29
DA:52,3
DA:54,3
DA:55,0
DA:56,0
DA:59,3
DA:61,3
DA:67,3
DA:77,3
DA:83,3
DA:84,3
DA:86,0
DA:87,0
DA:96,4
DA:98,4
DA:99,3
DA:100,3
DA:111,3
DA:113,3
DA:114,3
DA:116,0
DA:117,0
DA:129,1
LF:33
LH:27
BRDA:41,0,0,1
BRDA:41,0,1,29
BRDA:54,1,0,0
BRDA:54,1,1,3
BRDA:98,2,0,3
BRDA:98,2,1,1
BRDA:34,3,0,11
BRDA:34,3,1,0
BRDA:34,4,0,11
BRDA:34,4,1,11
BRF:10
BRH:8
end_of_record
TN:
SF:src\shared\filters\all-exceptions.filter.ts
FN:54,(anonymous_1)
FN:109,(anonymous_2)
FN:139,(anonymous_3)
FN:189,(anonymous_4)
FN:221,(anonymous_5)
FN:237,(anonymous_6)
FNF:6
FNH:6
FNDA:42,(anonymous_1)
FNDA:40,(anonymous_2)
FNDA:30,(anonymous_3)
FNDA:30,(anonymous_4)
FNDA:40,(anonymous_5)
FNDA:40,(anonymous_6)
DA:3,9
DA:12,9
DA:13,9
DA:45,9
DA:46,74
DA:49,74
DA:55,42
DA:56,42
DA:57,42
DA:60,42
DA:63,2
DA:66,2
DA:67,2
DA:76,2
DA:80,40
DA:81,40
DA:84,40
DA:94,40
DA:97,40
DA:114,40
DA:115,40
DA:118,40
DA:120,30
DA:121,30
DA:124,30
DA:127,40
DA:140,30
DA:141,30
DA:144,30
DA:145,2
DA:147,28
DA:148,2
DA:150,26
DA:151,1
DA:155,25
DA:161,6
DA:165,19
DA:169,1
DA:173,18
DA:174,1
DA:178,17
DA:191,30
DA:194,30
DA:211,30
DA:212,210
DA:215,30
DA:222,40
DA:238,40
DA:239,40
DA:241,40
DA:249,40
DA:250,35
DA:257,5
LF:53
LH:53
BRDA:60,0,0,2
BRDA:60,0,1,40
BRDA:118,1,0,30
BRDA:118,1,1,10
BRDA:118,2,0,40
BRDA:118,2,1,35
BRDA:144,3,0,2
BRDA:144,3,1,28
BRDA:147,4,0,2
BRDA:147,4,1,26
BRDA:150,5,0,1
BRDA:150,5,1,25
BRDA:155,6,0,6
BRDA:155,6,1,19
BRDA:156,7,0,25
BRDA:156,7,1,21
BRDA:156,7,2,20
BRDA:156,7,3,19
BRDA:165,8,0,1
BRDA:165,8,1,18
BRDA:166,9,0,19
BRDA:166,9,1,18
BRDA:173,10,0,1
BRDA:173,10,1,17
BRDA:173,11,0,18
BRDA:173,11,1,1
BRDA:223,12,0,40
BRDA:223,12,1,39
BRDA:223,12,2,37
BRDA:239,13,0,40
BRDA:239,13,1,13
BRDA:249,14,0,35
BRDA:249,14,1,5
BRF:33
BRH:33
end_of_record
TN:
SF:src\shared\filters\http-exception.filter.ts
FN:54,(anonymous_1)
FN:97,(anonymous_2)
FN:156,(anonymous_3)
FN:218,(anonymous_4)
FN:236,(anonymous_5)
FNF:5
FNH:5
FNDA:53,(anonymous_1)
FNDA:53,(anonymous_2)
FNDA:53,(anonymous_3)
FNDA:53,(anonymous_4)
FNDA:53,(anonymous_5)
DA:3,9
DA:12,9
DA:17,9
DA:45,9
DA:46,39
DA:55,53
DA:56,53
DA:57,53
DA:59,53
DA:60,53
DA:63,53
DA:69,53
DA:80,53
DA:83,53
DA:102,53
DA:104,53
DA:108,53
DA:109,15
DA:110,15
DA:111,15
DA:115,38
DA:116,38
DA:119,38
DA:120,36
DA:121,2
DA:123,2
DA:126,2
DA:127,2
DA:132,38
DA:133,8
DA:137,38
DA:138,7
DA:142,38
DA:145,38
DA:161,53
DA:164,53
DA:165,17
DA:166,2
DA:168,15
DA:172,2
DA:174,13
DA:178,6
DA:180,7
DA:184,36
DA:185,5
DA:186,2
DA:188,3
DA:192,31
DA:193,7
DA:194,3
DA:196,4
DA:197,3
DA:202,25
DA:203,5
DA:204,3
DA:208,22
DA:219,53
DA:242,53
DA:243,53
DA:244,53
DA:247,53
DA:257,53
DA:259,3
DA:264,50
DA:266,22
DA:270,28
DA:272,28
LF:67
LH:67
BRDA:104,0,0,53
BRDA:104,0,1,0
BRDA:108,1,0,15
BRDA:108,1,1,38
BRDA:115,2,0,38
BRDA:115,2,1,0
BRDA:115,3,0,38
BRDA:115,3,1,38
BRDA:119,4,0,36
BRDA:119,4,1,2
BRDA:121,5,0,2
BRDA:121,5,1,0
BRDA:123,6,0,2
BRDA:123,6,1,0
BRDA:126,7,0,2
BRDA:126,7,1,0
BRDA:132,8,0,8
BRDA:132,8,1,30
BRDA:137,9,0,7
BRDA:137,9,1,31
BRDA:137,10,0,38
BRDA:137,10,1,7
BRDA:164,11,0,17
BRDA:164,11,1,36
BRDA:165,12,0,2
BRDA:165,12,1,15
BRDA:168,13,0,2
BRDA:168,13,1,13
BRDA:169,14,0,15
BRDA:169,14,1,14
BRDA:174,15,0,6
BRDA:174,15,1,7
BRDA:175,16,0,13
BRDA:175,16,1,12
BRDA:184,17,0,5
BRDA:184,17,1,31
BRDA:185,18,0,2
BRDA:185,18,1,3
BRDA:192,19,0,7
BRDA:192,19,1,24
BRDA:193,20,0,3
BRDA:193,20,1,4
BRDA:196,21,0,3
BRDA:196,21,1,1
BRDA:202,22,0,5
BRDA:202,22,1,20
BRDA:203,23,0,3
BRDA:203,23,1,2
BRDA:220,24,0,53
BRDA:220,24,1,51
BRDA:220,24,2,50
BRDA:244,25,0,53
BRDA:244,25,1,32
BRDA:257,26,0,3
BRDA:257,26,1,50
BRDA:264,27,0,22
BRDA:264,27,1,28
BRDA:264,28,0,50
BRDA:264,28,1,33
BRDA:270,29,0,28
BRDA:270,29,1,0
BRF:61
BRH:55
end_of_record
TN:
SF:src\shared\pipes\zod-validation.pipe.ts
FN:29,(anonymous_2)
FN:34,(anonymous_3)
FN:72,(anonymous_4)
FNF:3
FNH:3
FNDA:26,(anonymous_2)
FNDA:34,(anonymous_3)
FNDA:14,(anonymous_4)
DA:3,5
DA:4,5
DA:5,5
DA:28,5
DA:29,26
DA:35,34
DA:37,34
DA:39,15
DA:41,14
DA:45,14
DA:53,1
DA:73,14
DA:75,14
DA:77,20
DA:79,20
DA:80,18
DA:83,20
DA:86,14
LF:18
LH:18
BRDA:39,0,0,14
BRDA:39,0,1,1
BRDA:77,1,0,19
BRDA:77,1,1,1
BRDA:79,2,0,18
BRDA:79,2,1,2
BRF:6
BRH:6
end_of_record
TN:
SF:src\shared\types\api-response.type.ts
FN:76,isSuccessResponse
FN:85,isErrorResponse
FNF:2
FNH:2
FNDA:3,isSuccessResponse
FNDA:4,isErrorResponse
DA:76,11
DA:79,3
DA:85,11
DA:88,4
LF:4
LH:4
BRF:0
BRH:0
end_of_record
TN:
SF:src\shared\types\error-response.type.ts
FN:102,createErrorResponse
FNF:1
FNH:1
FNDA:95,createErrorResponse
DA:102,10
DA:111,95
LF:2
LH:2
BRDA:117,0,0,95
BRDA:117,0,1,9
BRDA:123,1,0,95
BRDA:123,1,1,6
BRF:4
BRH:4
end_of_record
