{"numFailedTestSuites":2,"numFailedTests":4,"numPassedTestSuites":17,"numPassedTests":225,"numPendingTestSuites":0,"numPendingTests":0,"numRuntimeErrorTestSuites":0,"numTodoTests":0,"numTotalTestSuites":19,"numTotalTests":229,"openHandles":[],"snapshot":{"added":0,"didUpdate":false,"failure":false,"filesAdded":0,"filesRemoved":0,"filesRemovedList":[],"filesUnmatched":0,"filesUpdated":0,"matched":0,"total":0,"unchecked":0,"uncheckedKeysByFile":[],"unmatched":0,"updated":0},"startTime":1769158139898,"success":false,"testResults":[{"assertionResults":[{"ancestorTitles":["CurrentUser decorator"],"duration":2,"failing":false,"failureDetails":[{"matcherResult":{"message":"\u001b[2mexpect(\u001b[22m\u001b[31mreceived\u001b[39m\u001b[2m).\u001b[22mtoBeUndefined\u001b[2m()\u001b[22m\n\nReceived: \u001b[31m[Function anonymous]\u001b[39m","pass":false}}],"failureMessages":["Error: \u001b[2mexpect(\u001b[22m\u001b[31mreceived\u001b[39m\u001b[2m).\u001b[22mtoBeUndefined\u001b[2m()\u001b[22m\n\nReceived: \u001b[31m[Function anonymous]\u001b[39m\n    at Object.<anonymous> (C:\\Users\\timur\\Programming\\Projects\\snippetforge\\apps\\api\\test\\unit\\decorators\\current-user.decorator.spec.ts:11:20)\n    at Promise.finally.completed (C:\\Users\\timur\\Programming\\Projects\\snippetforge\\node_modules\\jest-circus\\build\\jestAdapterInit.js:1557:28)\n    at new Promise (<anonymous>)\n    at callAsyncCircusFn (C:\\Users\\timur\\Programming\\Projects\\snippetforge\\node_modules\\jest-circus\\build\\jestAdapterInit.js:1497:10)\n    at _callCircusTest (C:\\Users\\timur\\Programming\\Projects\\snippetforge\\node_modules\\jest-circus\\build\\jestAdapterInit.js:1007:40)\n    at _runTest (C:\\Users\\timur\\Programming\\Projects\\snippetforge\\node_modules\\jest-circus\\build\\jestAdapterInit.js:947:3)\n    at C:\\Users\\timur\\Programming\\Projects\\snippetforge\\node_modules\\jest-circus\\build\\jestAdapterInit.js:849:7\n    at _runTestsForDescribeBlock (C:\\Users\\timur\\Programming\\Projects\\snippetforge\\node_modules\\jest-circus\\build\\jestAdapterInit.js:862:11)\n    at _runTestsForDescribeBlock (C:\\Users\\timur\\Programming\\Projects\\snippetforge\\node_modules\\jest-circus\\build\\jestAdapterInit.js:857:11)\n    at run (C:\\Users\\timur\\Programming\\Projects\\snippetforge\\node_modules\\jest-circus\\build\\jestAdapterInit.js:761:3)\n    at runAndTransformResultsToJestFormat (C:\\Users\\timur\\Programming\\Projects\\snippetforge\\node_modules\\jest-circus\\build\\jestAdapterInit.js:1918:21)\n    at jestAdapter (C:\\Users\\timur\\Programming\\Projects\\snippetforge\\node_modules\\jest-circus\\build\\runner.js:101:19)\n    at runTestInternal (C:\\Users\\timur\\Programming\\Projects\\snippetforge\\node_modules\\jest-runner\\build\\index.js:275:16)\n    at runTest (C:\\Users\\timur\\Programming\\Projects\\snippetforge\\node_modules\\jest-runner\\build\\index.js:343:7)"],"fullName":"CurrentUser decorator returns undefined when no user is present","invocations":1,"location":null,"numPassingAsserts":0,"retryReasons":[],"startAt":1769158141224,"status":"failed","title":"returns undefined when no user is present"},{"ancestorTitles":["CurrentUser decorator"],"duration":2,"failing":false,"failureDetails":[{"matcherResult":{"expected":{"id":"user-1","email":"user@example.com","username":"tester"},"message":"\u001b[2mexpect(\u001b[22m\u001b[31mreceived\u001b[39m\u001b[2m).\u001b[22mtoEqual\u001b[2m(\u001b[22m\u001b[32mexpected\u001b[39m\u001b[2m) // deep equality\u001b[22m\n\nExpected: \u001b[32m{\"email\": \"user@example.com\", \"id\": \"user-1\", \"username\": \"tester\"}\u001b[39m\nReceived: \u001b[31m[Function anonymous]\u001b[39m","name":"toEqual","pass":false}}],"failureMessages":["Error: \u001b[2mexpect(\u001b[22m\u001b[31mreceived\u001b[39m\u001b[2m).\u001b[22mtoEqual\u001b[2m(\u001b[22m\u001b[32mexpected\u001b[39m\u001b[2m) // deep equality\u001b[22m\n\nExpected: \u001b[32m{\"email\": \"user@example.com\", \"id\": \"user-1\", \"username\": \"tester\"}\u001b[39m\nReceived: \u001b[31m[Function anonymous]\u001b[39m\n    at Object.<anonymous> (C:\\Users\\timur\\Programming\\Projects\\snippetforge\\apps\\api\\test\\unit\\decorators\\current-user.decorator.spec.ts:24:20)\n    at Promise.finally.completed (C:\\Users\\timur\\Programming\\Projects\\snippetforge\\node_modules\\jest-circus\\build\\jestAdapterInit.js:1557:28)\n    at new Promise (<anonymous>)\n    at callAsyncCircusFn (C:\\Users\\timur\\Programming\\Projects\\snippetforge\\node_modules\\jest-circus\\build\\jestAdapterInit.js:1497:10)\n    at _callCircusTest (C:\\Users\\timur\\Programming\\Projects\\snippetforge\\node_modules\\jest-circus\\build\\jestAdapterInit.js:1007:40)\n    at _runTest (C:\\Users\\timur\\Programming\\Projects\\snippetforge\\node_modules\\jest-circus\\build\\jestAdapterInit.js:947:3)\n    at C:\\Users\\timur\\Programming\\Projects\\snippetforge\\node_modules\\jest-circus\\build\\jestAdapterInit.js:849:7\n    at _runTestsForDescribeBlock (C:\\Users\\timur\\Programming\\Projects\\snippetforge\\node_modules\\jest-circus\\build\\jestAdapterInit.js:862:11)\n    at _runTestsForDescribeBlock (C:\\Users\\timur\\Programming\\Projects\\snippetforge\\node_modules\\jest-circus\\build\\jestAdapterInit.js:857:11)\n    at run (C:\\Users\\timur\\Programming\\Projects\\snippetforge\\node_modules\\jest-circus\\build\\jestAdapterInit.js:761:3)\n    at runAndTransformResultsToJestFormat (C:\\Users\\timur\\Programming\\Projects\\snippetforge\\node_modules\\jest-circus\\build\\jestAdapterInit.js:1918:21)\n    at jestAdapter (C:\\Users\\timur\\Programming\\Projects\\snippetforge\\node_modules\\jest-circus\\build\\runner.js:101:19)\n    at runTestInternal (C:\\Users\\timur\\Programming\\Projects\\snippetforge\\node_modules\\jest-runner\\build\\index.js:275:16)\n    at runTest (C:\\Users\\timur\\Programming\\Projects\\snippetforge\\node_modules\\jest-runner\\build\\index.js:343:7)"],"fullName":"CurrentUser decorator returns full user when no property is requested","invocations":1,"location":null,"numPassingAsserts":0,"retryReasons":[],"startAt":1769158141237,"status":"failed","title":"returns full user when no property is requested"},{"ancestorTitles":["CurrentUser decorator"],"duration":1,"failing":false,"failureDetails":[{"matcherResult":{"expected":"user2@example.com","message":"\u001b[2mexpect(\u001b[22m\u001b[31mreceived\u001b[39m\u001b[2m).\u001b[22mtoBe\u001b[2m(\u001b[22m\u001b[32mexpected\u001b[39m\u001b[2m) // Object.is equality\u001b[22m\n\nExpected: \u001b[32m\"user2@example.com\"\u001b[39m\nReceived: \u001b[31m[Function anonymous]\u001b[39m","name":"toBe","pass":false}}],"failureMessages":["Error: \u001b[2mexpect(\u001b[22m\u001b[31mreceived\u001b[39m\u001b[2m).\u001b[22mtoBe\u001b[2m(\u001b[22m\u001b[32mexpected\u001b[39m\u001b[2m) // Object.is equality\u001b[22m\n\nExpected: \u001b[32m\"user2@example.com\"\u001b[39m\nReceived: \u001b[31m[Function anonymous]\u001b[39m\n    at Object.<anonymous> (C:\\Users\\timur\\Programming\\Projects\\snippetforge\\apps\\api\\test\\unit\\decorators\\current-user.decorator.spec.ts:37:20)\n    at Promise.finally.completed (C:\\Users\\timur\\Programming\\Projects\\snippetforge\\node_modules\\jest-circus\\build\\jestAdapterInit.js:1557:28)\n    at new Promise (<anonymous>)\n    at callAsyncCircusFn (C:\\Users\\timur\\Programming\\Projects\\snippetforge\\node_modules\\jest-circus\\build\\jestAdapterInit.js:1497:10)\n    at _callCircusTest (C:\\Users\\timur\\Programming\\Projects\\snippetforge\\node_modules\\jest-circus\\build\\jestAdapterInit.js:1007:40)\n    at _runTest (C:\\Users\\timur\\Programming\\Projects\\snippetforge\\node_modules\\jest-circus\\build\\jestAdapterInit.js:947:3)\n    at C:\\Users\\timur\\Programming\\Projects\\snippetforge\\node_modules\\jest-circus\\build\\jestAdapterInit.js:849:7\n    at _runTestsForDescribeBlock (C:\\Users\\timur\\Programming\\Projects\\snippetforge\\node_modules\\jest-circus\\build\\jestAdapterInit.js:862:11)\n    at _runTestsForDescribeBlock (C:\\Users\\timur\\Programming\\Projects\\snippetforge\\node_modules\\jest-circus\\build\\jestAdapterInit.js:857:11)\n    at run (C:\\Users\\timur\\Programming\\Projects\\snippetforge\\node_modules\\jest-circus\\build\\jestAdapterInit.js:761:3)\n    at runAndTransformResultsToJestFormat (C:\\Users\\timur\\Programming\\Projects\\snippetforge\\node_modules\\jest-circus\\build\\jestAdapterInit.js:1918:21)\n    at jestAdapter (C:\\Users\\timur\\Programming\\Projects\\snippetforge\\node_modules\\jest-circus\\build\\runner.js:101:19)\n    at runTestInternal (C:\\Users\\timur\\Programming\\Projects\\snippetforge\\node_modules\\jest-runner\\build\\index.js:275:16)\n    at runTest (C:\\Users\\timur\\Programming\\Projects\\snippetforge\\node_modules\\jest-runner\\build\\index.js:343:7)"],"fullName":"CurrentUser decorator returns a single property when key is provided","invocations":1,"location":null,"numPassingAsserts":0,"retryReasons":[],"startAt":1769158141240,"status":"failed","title":"returns a single property when key is provided"}],"endTime":1769158141256,"message":"\u001b[1m\u001b[31m  \u001b[1m● \u001b[22m\u001b[1mCurrentUser decorator › returns undefined when no user is present\u001b[39m\u001b[22m\n\n    \u001b[2mexpect(\u001b[22m\u001b[31mreceived\u001b[39m\u001b[2m).\u001b[22mtoBeUndefined\u001b[2m()\u001b[22m\n\n    Received: \u001b[31m[Function anonymous]\u001b[39m\n\u001b[2m\u001b[22m\n\u001b[2m    \u001b[0m \u001b[90m  9 |\u001b[39m     \u001b[36mconst\u001b[39m result \u001b[33m=\u001b[39m \u001b[33mCurrentUser\u001b[39m(undefined\u001b[33m,\u001b[39m ctx \u001b[36mas\u001b[39m unknown \u001b[36mas\u001b[39m \u001b[33mExecutionContext\u001b[39m)\u001b[33m;\u001b[39m\u001b[22m\n\u001b[2m     \u001b[90m 10 |\u001b[39m\u001b[22m\n\u001b[2m    \u001b[31m\u001b[1m>\u001b[22m\u001b[2m\u001b[39m\u001b[90m 11 |\u001b[39m     expect(result)\u001b[33m.\u001b[39mtoBeUndefined()\u001b[33m;\u001b[39m\u001b[22m\n\u001b[2m     \u001b[90m    |\u001b[39m                    \u001b[31m\u001b[1m^\u001b[22m\u001b[2m\u001b[39m\u001b[22m\n\u001b[2m     \u001b[90m 12 |\u001b[39m   })\u001b[33m;\u001b[39m\u001b[22m\n\u001b[2m     \u001b[90m 13 |\u001b[39m\u001b[22m\n\u001b[2m     \u001b[90m 14 |\u001b[39m   it(\u001b[32m'returns full user when no property is requested'\u001b[39m\u001b[33m,\u001b[39m () \u001b[33m=>\u001b[39m {\u001b[0m\u001b[22m\n\u001b[2m\u001b[22m\n\u001b[2m      \u001b[2mat Object.<anonymous> (\u001b[22m\u001b[2m\u001b[0m\u001b[36mtest/unit/decorators/current-user.decorator.spec.ts\u001b[39m\u001b[0m\u001b[2m:11:20)\u001b[22m\u001b[2m\u001b[22m\n\n\u001b[1m\u001b[31m  \u001b[1m● \u001b[22m\u001b[1mCurrentUser decorator › returns full user when no property is requested\u001b[39m\u001b[22m\n\n    \u001b[2mexpect(\u001b[22m\u001b[31mreceived\u001b[39m\u001b[2m).\u001b[22mtoEqual\u001b[2m(\u001b[22m\u001b[32mexpected\u001b[39m\u001b[2m) // deep equality\u001b[22m\n\n    Expected: \u001b[32m{\"email\": \"user@example.com\", \"id\": \"user-1\", \"username\": \"tester\"}\u001b[39m\n    Received: \u001b[31m[Function anonymous]\u001b[39m\n\u001b[2m\u001b[22m\n\u001b[2m    \u001b[0m \u001b[90m 22 |\u001b[39m     \u001b[36mconst\u001b[39m result \u001b[33m=\u001b[39m \u001b[33mCurrentUser\u001b[39m(undefined\u001b[33m,\u001b[39m ctx \u001b[36mas\u001b[39m unknown \u001b[36mas\u001b[39m \u001b[33mExecutionContext\u001b[39m)\u001b[33m;\u001b[39m\u001b[22m\n\u001b[2m     \u001b[90m 23 |\u001b[39m\u001b[22m\n\u001b[2m    \u001b[31m\u001b[1m>\u001b[22m\u001b[2m\u001b[39m\u001b[90m 24 |\u001b[39m     expect(result)\u001b[33m.\u001b[39mtoEqual(user)\u001b[33m;\u001b[39m\u001b[22m\n\u001b[2m     \u001b[90m    |\u001b[39m                    \u001b[31m\u001b[1m^\u001b[22m\u001b[2m\u001b[39m\u001b[22m\n\u001b[2m     \u001b[90m 25 |\u001b[39m   })\u001b[33m;\u001b[39m\u001b[22m\n\u001b[2m     \u001b[90m 26 |\u001b[39m\u001b[22m\n\u001b[2m     \u001b[90m 27 |\u001b[39m   it(\u001b[32m'returns a single property when key is provided'\u001b[39m\u001b[33m,\u001b[39m () \u001b[33m=>\u001b[39m {\u001b[0m\u001b[22m\n\u001b[2m\u001b[22m\n\u001b[2m      \u001b[2mat Object.<anonymous> (\u001b[22m\u001b[2m\u001b[0m\u001b[36mtest/unit/decorators/current-user.decorator.spec.ts\u001b[39m\u001b[0m\u001b[2m:24:20)\u001b[22m\u001b[2m\u001b[22m\n\n\u001b[1m\u001b[31m  \u001b[1m● \u001b[22m\u001b[1mCurrentUser decorator › returns a single property when key is provided\u001b[39m\u001b[22m\n\n    \u001b[2mexpect(\u001b[22m\u001b[31mreceived\u001b[39m\u001b[2m).\u001b[22mtoBe\u001b[2m(\u001b[22m\u001b[32mexpected\u001b[39m\u001b[2m) // Object.is equality\u001b[22m\n\n    Expected: \u001b[32m\"user2@example.com\"\u001b[39m\n    Received: \u001b[31m[Function anonymous]\u001b[39m\n\u001b[2m\u001b[22m\n\u001b[2m    \u001b[0m \u001b[90m 35 |\u001b[39m     \u001b[36mconst\u001b[39m result \u001b[33m=\u001b[39m \u001b[33mCurrentUser\u001b[39m(\u001b[32m'email'\u001b[39m\u001b[33m,\u001b[39m ctx \u001b[36mas\u001b[39m unknown \u001b[36mas\u001b[39m \u001b[33mExecutionContext\u001b[39m)\u001b[33m;\u001b[39m\u001b[22m\n\u001b[2m     \u001b[90m 36 |\u001b[39m\u001b[22m\n\u001b[2m    \u001b[31m\u001b[1m>\u001b[22m\u001b[2m\u001b[39m\u001b[90m 37 |\u001b[39m     expect(result)\u001b[33m.\u001b[39mtoBe(user\u001b[33m.\u001b[39memail)\u001b[33m;\u001b[39m\u001b[22m\n\u001b[2m     \u001b[90m    |\u001b[39m                    \u001b[31m\u001b[1m^\u001b[22m\u001b[2m\u001b[39m\u001b[22m\n\u001b[2m     \u001b[90m 38 |\u001b[39m   })\u001b[33m;\u001b[39m\u001b[22m\n\u001b[2m     \u001b[90m 39 |\u001b[39m })\u001b[33m;\u001b[39m\u001b[22m\n\u001b[2m     \u001b[90m 40 |\u001b[39m\u001b[0m\u001b[22m\n\u001b[2m\u001b[22m\n\u001b[2m      \u001b[2mat Object.<anonymous> (\u001b[22m\u001b[2m\u001b[0m\u001b[36mtest/unit/decorators/current-user.decorator.spec.ts\u001b[39m\u001b[0m\u001b[2m:37:20)\u001b[22m\u001b[2m\u001b[22m\n","name":"C:\\Users\\timur\\Programming\\Projects\\snippetforge\\apps\\api\\test\\unit\\decorators\\current-user.decorator.spec.ts","startTime":1769158140142,"status":"failed","summary":""},{"assertionResults":[{"ancestorTitles":["SnippetsRepository","create"],"duration":10,"failing":false,"failureDetails":[],"failureMessages":[],"fullName":"SnippetsRepository create should create a new snippet","invocations":1,"location":null,"numPassingAsserts":2,"retryReasons":[],"startAt":1769158141795,"status":"passed","title":"should create a new snippet"},{"ancestorTitles":["SnippetsRepository","findById"],"duration":2,"failing":false,"failureDetails":[],"failureMessages":[],"fullName":"SnippetsRepository findById should return snippet when found","invocations":1,"location":null,"numPassingAsserts":2,"retryReasons":[],"startAt":1769158141806,"status":"passed","title":"should return snippet when found"},{"ancestorTitles":["SnippetsRepository","findById"],"duration":2,"failing":false,"failureDetails":[],"failureMessages":[],"fullName":"SnippetsRepository findById should return null when not found","invocations":1,"location":null,"numPassingAsserts":1,"retryReasons":[],"startAt":1769158141809,"status":"passed","title":"should return null when not found"},{"ancestorTitles":["SnippetsRepository","findByUserId"],"duration":2,"failing":false,"failureDetails":[],"failureMessages":[],"fullName":"SnippetsRepository findByUserId should return user snippets","invocations":1,"location":null,"numPassingAsserts":2,"retryReasons":[],"startAt":1769158141812,"status":"passed","title":"should return user snippets"},{"ancestorTitles":["SnippetsRepository","findByUserId"],"duration":3,"failing":false,"failureDetails":[],"failureMessages":[],"fullName":"SnippetsRepository findByUserId should limit results to specified amount","invocations":1,"location":null,"numPassingAsserts":1,"retryReasons":[],"startAt":1769158141814,"status":"passed","title":"should limit results to specified amount"},{"ancestorTitles":["SnippetsRepository","findByUserId"],"duration":2,"failing":false,"failureDetails":[],"failureMessages":[],"fullName":"SnippetsRepository findByUserId should enforce max limit of 100","invocations":1,"location":null,"numPassingAsserts":1,"retryReasons":[],"startAt":1769158141817,"status":"passed","title":"should enforce max limit of 100"},{"ancestorTitles":["SnippetsRepository","findPublic"],"duration":3,"failing":false,"failureDetails":[],"failureMessages":[],"fullName":"SnippetsRepository findPublic should return paginated public snippets","invocations":1,"location":null,"numPassingAsserts":2,"retryReasons":[],"startAt":1769158141819,"status":"passed","title":"should return paginated public snippets"},{"ancestorTitles":["SnippetsRepository","findPublic"],"duration":2,"failing":false,"failureDetails":[],"failureMessages":[],"fullName":"SnippetsRepository findPublic should calculate correct pagination for page 2","invocations":1,"location":null,"numPassingAsserts":3,"retryReasons":[],"startAt":1769158141822,"status":"passed","title":"should calculate correct pagination for page 2"},{"ancestorTitles":["SnippetsRepository","findPublic"],"duration":2,"failing":false,"failureDetails":[],"failureMessages":[],"fullName":"SnippetsRepository findPublic should calculate correct pagination for last page","invocations":1,"location":null,"numPassingAsserts":3,"retryReasons":[],"startAt":1769158141824,"status":"passed","title":"should calculate correct pagination for last page"},{"ancestorTitles":["SnippetsRepository","findPublicPreviews"],"duration":2,"failing":false,"failureDetails":[{"matcherResult":{"message":"\u001b[2mexpect(\u001b[22m\u001b[31mjest.fn()\u001b[39m\u001b[2m).\u001b[22mtoHaveBeenCalledWith\u001b[2m(\u001b[22m\u001b[32m...expected\u001b[39m\u001b[2m)\u001b[22m\n\nExpected: \u001b[32mObjectContaining {\"limit\": 10, \"offset\": 0}\u001b[39m\n\nNumber of calls: \u001b[31m0\u001b[39m","pass":false}}],"failureMessages":["Error: \u001b[2mexpect(\u001b[22m\u001b[31mjest.fn()\u001b[39m\u001b[2m).\u001b[22mtoHaveBeenCalledWith\u001b[2m(\u001b[22m\u001b[32m...expected\u001b[39m\u001b[2m)\u001b[22m\n\nExpected: \u001b[32mObjectContaining {\"limit\": 10, \"offset\": 0}\u001b[39m\n\nNumber of calls: \u001b[31m0\u001b[39m\n    at Object.<anonymous> (C:\\Users\\timur\\Programming\\Projects\\snippetforge\\apps\\api\\test\\unit\\repositories\\snippets.repository.spec.ts:249:54)"],"fullName":"SnippetsRepository findPublicPreviews should return paginated public snippet previews","invocations":1,"location":null,"numPassingAsserts":2,"retryReasons":[],"startAt":1769158141827,"status":"failed","title":"should return paginated public snippet previews"},{"ancestorTitles":["SnippetsRepository","findByLanguage"],"duration":2,"failing":false,"failureDetails":[],"failureMessages":[],"fullName":"SnippetsRepository findByLanguage should return snippets filtered by language","invocations":1,"location":null,"numPassingAsserts":2,"retryReasons":[],"startAt":1769158141839,"status":"passed","title":"should return snippets filtered by language"},{"ancestorTitles":["SnippetsRepository","findWithFilters"],"duration":2,"failing":false,"failureDetails":[],"failureMessages":[],"fullName":"SnippetsRepository findWithFilters should apply all filters and sorting options","invocations":1,"location":null,"numPassingAsserts":3,"retryReasons":[],"startAt":1769158141842,"status":"passed","title":"should apply all filters and sorting options"},{"ancestorTitles":["SnippetsRepository","findWithFilters"],"duration":2,"failing":false,"failureDetails":[],"failureMessages":[],"fullName":"SnippetsRepository findWithFilters should handle empty filters with default sorting","invocations":1,"location":null,"numPassingAsserts":3,"retryReasons":[],"startAt":1769158141845,"status":"passed","title":"should handle empty filters with default sorting"},{"ancestorTitles":["SnippetsRepository","update"],"duration":2,"failing":false,"failureDetails":[],"failureMessages":[],"fullName":"SnippetsRepository update should update snippet successfully","invocations":1,"location":null,"numPassingAsserts":1,"retryReasons":[],"startAt":1769158141847,"status":"passed","title":"should update snippet successfully"},{"ancestorTitles":["SnippetsRepository","update"],"duration":2,"failing":false,"failureDetails":[],"failureMessages":[],"fullName":"SnippetsRepository update should return null when snippet not found","invocations":1,"location":null,"numPassingAsserts":1,"retryReasons":[],"startAt":1769158141849,"status":"passed","title":"should return null when snippet not found"},{"ancestorTitles":["SnippetsRepository","update"],"duration":2,"failing":false,"failureDetails":[],"failureMessages":[],"fullName":"SnippetsRepository update should update updatedAt timestamp","invocations":1,"location":null,"numPassingAsserts":1,"retryReasons":[],"startAt":1769158141851,"status":"passed","title":"should update updatedAt timestamp"},{"ancestorTitles":["SnippetsRepository","incrementViewCount"],"duration":1,"failing":false,"failureDetails":[],"failureMessages":[],"fullName":"SnippetsRepository incrementViewCount should increment view count atomically","invocations":1,"location":null,"numPassingAsserts":1,"retryReasons":[],"startAt":1769158141854,"status":"passed","title":"should increment view count atomically"},{"ancestorTitles":["SnippetsRepository","incrementViewCount"],"duration":1,"failing":false,"failureDetails":[],"failureMessages":[],"fullName":"SnippetsRepository incrementViewCount should return false when snippet not found","invocations":1,"location":null,"numPassingAsserts":1,"retryReasons":[],"startAt":1769158141856,"status":"passed","title":"should return false when snippet not found"},{"ancestorTitles":["SnippetsRepository","delete"],"duration":1,"failing":false,"failureDetails":[],"failureMessages":[],"fullName":"SnippetsRepository delete should delete snippet successfully","invocations":1,"location":null,"numPassingAsserts":1,"retryReasons":[],"startAt":1769158141858,"status":"passed","title":"should delete snippet successfully"},{"ancestorTitles":["SnippetsRepository","delete"],"duration":1,"failing":false,"failureDetails":[],"failureMessages":[],"fullName":"SnippetsRepository delete should return false when snippet not found","invocations":1,"location":null,"numPassingAsserts":1,"retryReasons":[],"startAt":1769158141860,"status":"passed","title":"should return false when snippet not found"},{"ancestorTitles":["SnippetsRepository","deleteByUserId"],"duration":1,"failing":false,"failureDetails":[],"failureMessages":[],"fullName":"SnippetsRepository deleteByUserId should delete all user snippets","invocations":1,"location":null,"numPassingAsserts":1,"retryReasons":[],"startAt":1769158141862,"status":"passed","title":"should delete all user snippets"},{"ancestorTitles":["SnippetsRepository","countByUserId"],"duration":1,"failing":false,"failureDetails":[],"failureMessages":[],"fullName":"SnippetsRepository countByUserId should return count of user snippets","invocations":1,"location":null,"numPassingAsserts":1,"retryReasons":[],"startAt":1769158141864,"status":"passed","title":"should return count of user snippets"},{"ancestorTitles":["SnippetsRepository","countPublic"],"duration":2,"failing":false,"failureDetails":[],"failureMessages":[],"fullName":"SnippetsRepository countPublic should return count of public snippets","invocations":1,"location":null,"numPassingAsserts":1,"retryReasons":[],"startAt":1769158141865,"status":"passed","title":"should return count of public snippets"},{"ancestorTitles":["SnippetsRepository","getUserStats"],"duration":1,"failing":false,"failureDetails":[],"failureMessages":[],"fullName":"SnippetsRepository getUserStats should return comprehensive user statistics","invocations":1,"location":null,"numPassingAsserts":1,"retryReasons":[],"startAt":1769158141868,"status":"passed","title":"should return comprehensive user statistics"},{"ancestorTitles":["SnippetsRepository","getUserStats"],"duration":1,"failing":false,"failureDetails":[],"failureMessages":[],"fullName":"SnippetsRepository getUserStats should handle user with no snippets","invocations":1,"location":null,"numPassingAsserts":1,"retryReasons":[],"startAt":1769158141870,"status":"passed","title":"should handle user with no snippets"},{"ancestorTitles":["SnippetsRepository","getLanguageStats"],"duration":2,"failing":false,"failureDetails":[],"failureMessages":[],"fullName":"SnippetsRepository getLanguageStats should return language statistics","invocations":1,"location":null,"numPassingAsserts":1,"retryReasons":[],"startAt":1769158141871,"status":"passed","title":"should return language statistics"}],"endTime":1769158141878,"message":"\u001b[1m\u001b[31m  \u001b[1m● \u001b[22m\u001b[1mSnippetsRepository › findPublicPreviews › should return paginated public snippet previews\u001b[39m\u001b[22m\n\n    \u001b[2mexpect(\u001b[22m\u001b[31mjest.fn()\u001b[39m\u001b[2m).\u001b[22mtoHaveBeenCalledWith\u001b[2m(\u001b[22m\u001b[32m...expected\u001b[39m\u001b[2m)\u001b[22m\n\n    Expected: \u001b[32mObjectContaining {\"limit\": 10, \"offset\": 0}\u001b[39m\n\n    Number of calls: \u001b[31m0\u001b[39m\n\u001b[2m\u001b[22m\n\u001b[2m    \u001b[0m \u001b[90m 247 |\u001b[39m       expect(result\u001b[33m.\u001b[39mdata)\u001b[33m.\u001b[39mtoEqual(previews)\u001b[33m;\u001b[39m\u001b[22m\n\u001b[2m     \u001b[90m 248 |\u001b[39m       expect(result\u001b[33m.\u001b[39mmeta\u001b[33m.\u001b[39mtotal)\u001b[33m.\u001b[39mtoBe(\u001b[35m2\u001b[39m)\u001b[33m;\u001b[39m\u001b[22m\n\u001b[2m    \u001b[31m\u001b[1m>\u001b[22m\u001b[2m\u001b[39m\u001b[90m 249 |\u001b[39m       expect(mockDb\u001b[33m.\u001b[39mdrizzle\u001b[33m.\u001b[39mquery\u001b[33m.\u001b[39msnippets\u001b[33m.\u001b[39mfindMany)\u001b[33m.\u001b[39mtoHaveBeenCalledWith(\u001b[22m\n\u001b[2m     \u001b[90m     |\u001b[39m                                                      \u001b[31m\u001b[1m^\u001b[22m\u001b[2m\u001b[39m\u001b[22m\n\u001b[2m     \u001b[90m 250 |\u001b[39m         expect\u001b[33m.\u001b[39mobjectContaining({\u001b[22m\n\u001b[2m     \u001b[90m 251 |\u001b[39m           limit\u001b[33m:\u001b[39m \u001b[35m10\u001b[39m\u001b[33m,\u001b[39m\u001b[22m\n\u001b[2m     \u001b[90m 252 |\u001b[39m           offset\u001b[33m:\u001b[39m \u001b[35m0\u001b[39m\u001b[33m,\u001b[39m\u001b[0m\u001b[22m\n\u001b[2m\u001b[22m\n\u001b[2m      \u001b[2mat Object.<anonymous> (\u001b[22m\u001b[2m\u001b[0m\u001b[36mtest/unit/repositories/snippets.repository.spec.ts\u001b[39m\u001b[0m\u001b[2m:249:54)\u001b[22m\u001b[2m\u001b[22m\n","name":"C:\\Users\\timur\\Programming\\Projects\\snippetforge\\apps\\api\\test\\unit\\repositories\\snippets.repository.spec.ts","startTime":1769158141272,"status":"failed","summary":""},{"assertionResults":[{"ancestorTitles":["Auth (E2E)","POST /api/auth/register","with valid data"],"duration":122,"failing":false,"failureDetails":[],"failureMessages":[],"fullName":"Auth (E2E) POST /api/auth/register with valid data should register a new user and return tokens","invocations":1,"location":null,"numPassingAsserts":8,"retryReasons":[],"startAt":1769158143209,"status":"passed","title":"should register a new user and return tokens"},{"ancestorTitles":["Auth (E2E)","POST /api/auth/register","with valid data"],"duration":80,"failing":false,"failureDetails":[],"failureMessages":[],"fullName":"Auth (E2E) POST /api/auth/register with valid data should return user with correct role","invocations":1,"location":null,"numPassingAsserts":1,"retryReasons":[],"startAt":1769158143332,"status":"passed","title":"should return user with correct role"},{"ancestorTitles":["Auth (E2E)","POST /api/auth/register","with invalid data"],"duration":5,"failing":false,"failureDetails":[],"failureMessages":[],"fullName":"Auth (E2E) POST /api/auth/register with invalid data should return 400 for invalid email","invocations":1,"location":null,"numPassingAsserts":3,"retryReasons":[],"startAt":1769158143412,"status":"passed","title":"should return 400 for invalid email"},{"ancestorTitles":["Auth (E2E)","POST /api/auth/register","with invalid data"],"duration":3,"failing":false,"failureDetails":[],"failureMessages":[],"fullName":"Auth (E2E) POST /api/auth/register with invalid data should return 400 for weak password","invocations":1,"location":null,"numPassingAsserts":2,"retryReasons":[],"startAt":1769158143418,"status":"passed","title":"should return 400 for weak password"},{"ancestorTitles":["Auth (E2E)","POST /api/auth/register","with invalid data"],"duration":4,"failing":false,"failureDetails":[],"failureMessages":[],"fullName":"Auth (E2E) POST /api/auth/register with invalid data should return 400 for missing fields","invocations":1,"location":null,"numPassingAsserts":1,"retryReasons":[],"startAt":1769158143422,"status":"passed","title":"should return 400 for missing fields"},{"ancestorTitles":["Auth (E2E)","POST /api/auth/register","with duplicate data"],"duration":82,"failing":false,"failureDetails":[],"failureMessages":[],"fullName":"Auth (E2E) POST /api/auth/register with duplicate data should return 409 for duplicate email","invocations":1,"location":null,"numPassingAsserts":2,"retryReasons":[],"startAt":1769158143427,"status":"passed","title":"should return 409 for duplicate email"},{"ancestorTitles":["Auth (E2E)","POST /api/auth/register","with duplicate data"],"duration":82,"failing":false,"failureDetails":[],"failureMessages":[],"fullName":"Auth (E2E) POST /api/auth/register with duplicate data should return 409 for duplicate username","invocations":1,"location":null,"numPassingAsserts":2,"retryReasons":[],"startAt":1769158143509,"status":"passed","title":"should return 409 for duplicate username"},{"ancestorTitles":["Auth (E2E)","POST /api/auth/login","with valid credentials"],"duration":71,"failing":false,"failureDetails":[],"failureMessages":[],"fullName":"Auth (E2E) POST /api/auth/login with valid credentials should login and return tokens","invocations":1,"location":null,"numPassingAsserts":4,"retryReasons":[],"startAt":1769158143666,"status":"passed","title":"should login and return tokens"},{"ancestorTitles":["Auth (E2E)","POST /api/auth/login","with valid credentials"],"duration":70,"failing":false,"failureDetails":[],"failureMessages":[],"fullName":"Auth (E2E) POST /api/auth/login with valid credentials should return user without passwordHash","invocations":1,"location":null,"numPassingAsserts":1,"retryReasons":[],"startAt":1769158143737,"status":"passed","title":"should return user without passwordHash"},{"ancestorTitles":["Auth (E2E)","POST /api/auth/login","with invalid credentials"],"duration":70,"failing":false,"failureDetails":[],"failureMessages":[],"fullName":"Auth (E2E) POST /api/auth/login with invalid credentials should return 401 for wrong password","invocations":1,"location":null,"numPassingAsserts":2,"retryReasons":[],"startAt":1769158143808,"status":"passed","title":"should return 401 for wrong password"},{"ancestorTitles":["Auth (E2E)","POST /api/auth/login","with invalid credentials"],"duration":69,"failing":false,"failureDetails":[],"failureMessages":[],"fullName":"Auth (E2E) POST /api/auth/login with invalid credentials should return 401 for non-existent email","invocations":1,"location":null,"numPassingAsserts":2,"retryReasons":[],"startAt":1769158143879,"status":"passed","title":"should return 401 for non-existent email"},{"ancestorTitles":["Auth (E2E)","POST /api/auth/login","with invalid credentials"],"duration":140,"failing":false,"failureDetails":[],"failureMessages":[],"fullName":"Auth (E2E) POST /api/auth/login with invalid credentials should return same error message for wrong email and wrong password","invocations":1,"location":null,"numPassingAsserts":1,"retryReasons":[],"startAt":1769158143949,"status":"passed","title":"should return same error message for wrong email and wrong password"},{"ancestorTitles":["Auth (E2E)","POST /api/auth/login","with invalid data"],"duration":3,"failing":false,"failureDetails":[],"failureMessages":[],"fullName":"Auth (E2E) POST /api/auth/login with invalid data should return 400 for invalid email format","invocations":1,"location":null,"numPassingAsserts":1,"retryReasons":[],"startAt":1769158144089,"status":"passed","title":"should return 400 for invalid email format"},{"ancestorTitles":["Auth (E2E)","POST /api/auth/login","with invalid data"],"duration":2,"failing":false,"failureDetails":[],"failureMessages":[],"fullName":"Auth (E2E) POST /api/auth/login with invalid data should return 400 for missing password","invocations":1,"location":null,"numPassingAsserts":1,"retryReasons":[],"startAt":1769158144093,"status":"passed","title":"should return 400 for missing password"},{"ancestorTitles":["Auth (E2E)","GET /api/auth/me","with valid token"],"duration":10,"failing":false,"failureDetails":[],"failureMessages":[],"fullName":"Auth (E2E) GET /api/auth/me with valid token should return current user profile","invocations":1,"location":null,"numPassingAsserts":3,"retryReasons":[],"startAt":1769158144170,"status":"passed","title":"should return current user profile"},{"ancestorTitles":["Auth (E2E)","GET /api/auth/me","with valid token"],"duration":9,"failing":false,"failureDetails":[],"failureMessages":[],"fullName":"Auth (E2E) GET /api/auth/me with valid token should return user with all expected fields","invocations":1,"location":null,"numPassingAsserts":8,"retryReasons":[],"startAt":1769158144180,"status":"passed","title":"should return user with all expected fields"},{"ancestorTitles":["Auth (E2E)","GET /api/auth/me","without token"],"duration":3,"failing":false,"failureDetails":[],"failureMessages":[],"fullName":"Auth (E2E) GET /api/auth/me without token should return 401","invocations":1,"location":null,"numPassingAsserts":2,"retryReasons":[],"startAt":1769158144189,"status":"passed","title":"should return 401"},{"ancestorTitles":["Auth (E2E)","GET /api/auth/me","with invalid token"],"duration":2,"failing":false,"failureDetails":[],"failureMessages":[],"fullName":"Auth (E2E) GET /api/auth/me with invalid token should return 401 for malformed token","invocations":1,"location":null,"numPassingAsserts":1,"retryReasons":[],"startAt":1769158144193,"status":"passed","title":"should return 401 for malformed token"},{"ancestorTitles":["Auth (E2E)","GET /api/auth/me","with invalid token"],"duration":4,"failing":false,"failureDetails":[],"failureMessages":[],"fullName":"Auth (E2E) GET /api/auth/me with invalid token should return 401 for expired token","invocations":1,"location":null,"numPassingAsserts":1,"retryReasons":[],"startAt":1769158144195,"status":"passed","title":"should return 401 for expired token"},{"ancestorTitles":["Auth (E2E)","GET /api/auth/me","with invalid token"],"duration":4,"failing":false,"failureDetails":[],"failureMessages":[],"fullName":"Auth (E2E) GET /api/auth/me with invalid token should return 401 for wrong authorization scheme","invocations":1,"location":null,"numPassingAsserts":1,"retryReasons":[],"startAt":1769158144199,"status":"passed","title":"should return 401 for wrong authorization scheme"},{"ancestorTitles":["Auth (E2E)","Full Auth Flow"],"duration":154,"failing":false,"failureDetails":[],"failureMessages":[],"fullName":"Auth (E2E) Full Auth Flow should complete register -> login -> me flow","invocations":1,"location":null,"numPassingAsserts":4,"retryReasons":[],"startAt":1769158144203,"status":"passed","title":"should complete register -> login -> me flow"}],"endTime":1769158144362,"message":"","name":"C:\\Users\\timur\\Programming\\Projects\\snippetforge\\apps\\api\\test\\e2e\\auth.e2e-spec.ts","startTime":1769158141912,"status":"passed","summary":""},{"assertionResults":[{"ancestorTitles":["Health (E2E)","GET /api"],"duration":5,"failing":false,"failureDetails":[],"failureMessages":[],"fullName":"Health (E2E) GET /api should return welcome message","invocations":1,"location":null,"numPassingAsserts":2,"retryReasons":[],"startAt":1769158144770,"status":"passed","title":"should return welcome message"},{"ancestorTitles":["Health (E2E)","GET /api"],"duration":3,"failing":false,"failureDetails":[],"failureMessages":[],"fullName":"Health (E2E) GET /api should be accessible without authentication","invocations":1,"location":null,"numPassingAsserts":1,"retryReasons":[],"startAt":1769158144776,"status":"passed","title":"should be accessible without authentication"},{"ancestorTitles":["Health (E2E)","GET /api/health"],"duration":3,"failing":false,"failureDetails":[],"failureMessages":[],"fullName":"Health (E2E) GET /api/health should return health status","invocations":1,"location":null,"numPassingAsserts":5,"retryReasons":[],"startAt":1769158144780,"status":"passed","title":"should return health status"},{"ancestorTitles":["Health (E2E)","GET /api/health"],"duration":2,"failing":false,"failureDetails":[],"failureMessages":[],"fullName":"Health (E2E) GET /api/health should be accessible without authentication","invocations":1,"location":null,"numPassingAsserts":1,"retryReasons":[],"startAt":1769158144784,"status":"passed","title":"should be accessible without authentication"},{"ancestorTitles":["Health (E2E)","GET /api/health"],"duration":2,"failing":false,"failureDetails":[],"failureMessages":[],"fullName":"Health (E2E) GET /api/health should return valid ISO timestamp","invocations":1,"location":null,"numPassingAsserts":2,"retryReasons":[],"startAt":1769158144787,"status":"passed","title":"should return valid ISO timestamp"}],"endTime":1769158144792,"message":"","name":"C:\\Users\\timur\\Programming\\Projects\\snippetforge\\apps\\api\\test\\e2e\\health.e2e-spec.ts","startTime":1769158144396,"status":"passed","summary":""},{"assertionResults":[{"ancestorTitles":["AppController (e2e)"],"duration":78,"failing":false,"failureDetails":[],"failureMessages":[],"fullName":"AppController (e2e) / (GET)","invocations":1,"location":null,"numPassingAsserts":0,"retryReasons":[],"startAt":1769158145131,"status":"passed","title":"/ (GET)"}],"endTime":1769158145210,"message":"","name":"C:\\Users\\timur\\Programming\\Projects\\snippetforge\\apps\\api\\test\\app.e2e-spec.ts","startTime":1769158144820,"status":"passed","summary":""},{"assertionResults":[{"ancestorTitles":["UsersService","hashPassword"],"duration":4,"failing":false,"failureDetails":[],"failureMessages":[],"fullName":"UsersService hashPassword should hash password with bcrypt","invocations":1,"location":null,"numPassingAsserts":2,"retryReasons":[],"startAt":1769158145441,"status":"passed","title":"should hash password with bcrypt"},{"ancestorTitles":["UsersService","comparePassword"],"duration":2,"failing":false,"failureDetails":[],"failureMessages":[],"fullName":"UsersService comparePassword should return true when passwords match","invocations":1,"location":null,"numPassingAsserts":2,"retryReasons":[],"startAt":1769158145446,"status":"passed","title":"should return true when passwords match"},{"ancestorTitles":["UsersService","comparePassword"],"duration":1,"failing":false,"failureDetails":[],"failureMessages":[],"fullName":"UsersService comparePassword should return false when passwords do not match","invocations":1,"location":null,"numPassingAsserts":1,"retryReasons":[],"startAt":1769158145448,"status":"passed","title":"should return false when passwords do not match"},{"ancestorTitles":["UsersService","create"],"duration":2,"failing":false,"failureDetails":[],"failureMessages":[],"fullName":"UsersService create should create a new user successfully","invocations":1,"location":null,"numPassingAsserts":5,"retryReasons":[],"startAt":1769158145450,"status":"passed","title":"should create a new user successfully"},{"ancestorTitles":["UsersService","create"],"duration":19,"failing":false,"failureDetails":[],"failureMessages":[],"fullName":"UsersService create should throw ConflictException when email exists","invocations":1,"location":null,"numPassingAsserts":2,"retryReasons":[],"startAt":1769158145452,"status":"passed","title":"should throw ConflictException when email exists"},{"ancestorTitles":["UsersService","create"],"duration":1,"failing":false,"failureDetails":[],"failureMessages":[],"fullName":"UsersService create should throw ConflictException when username exists","invocations":1,"location":null,"numPassingAsserts":2,"retryReasons":[],"startAt":1769158145472,"status":"passed","title":"should throw ConflictException when username exists"},{"ancestorTitles":["UsersService","create"],"duration":2,"failing":false,"failureDetails":[],"failureMessages":[],"fullName":"UsersService create should hash password before storing","invocations":1,"location":null,"numPassingAsserts":2,"retryReasons":[],"startAt":1769158145474,"status":"passed","title":"should hash password before storing"},{"ancestorTitles":["UsersService","findById"],"duration":1,"failing":false,"failureDetails":[],"failureMessages":[],"fullName":"UsersService findById should return SafeUser when found","invocations":1,"location":null,"numPassingAsserts":3,"retryReasons":[],"startAt":1769158145477,"status":"passed","title":"should return SafeUser when found"},{"ancestorTitles":["UsersService","findById"],"duration":1,"failing":false,"failureDetails":[],"failureMessages":[],"fullName":"UsersService findById should throw NotFoundException when not found","invocations":1,"location":null,"numPassingAsserts":1,"retryReasons":[],"startAt":1769158145479,"status":"passed","title":"should throw NotFoundException when not found"},{"ancestorTitles":["UsersService","findByEmail"],"duration":1,"failing":false,"failureDetails":[],"failureMessages":[],"fullName":"UsersService findByEmail should return SafeUser when found","invocations":1,"location":null,"numPassingAsserts":2,"retryReasons":[],"startAt":1769158145481,"status":"passed","title":"should return SafeUser when found"},{"ancestorTitles":["UsersService","findByEmail"],"duration":1,"failing":false,"failureDetails":[],"failureMessages":[],"fullName":"UsersService findByEmail should throw NotFoundException when not found","invocations":1,"location":null,"numPassingAsserts":1,"retryReasons":[],"startAt":1769158145482,"status":"passed","title":"should throw NotFoundException when not found"},{"ancestorTitles":["UsersService","findByEmailWithPassword"],"duration":1,"failing":false,"failureDetails":[],"failureMessages":[],"fullName":"UsersService findByEmailWithPassword should return FullUser with passwordHash when found","invocations":1,"location":null,"numPassingAsserts":2,"retryReasons":[],"startAt":1769158145484,"status":"passed","title":"should return FullUser with passwordHash when found"},{"ancestorTitles":["UsersService","findByEmailWithPassword"],"duration":1,"failing":false,"failureDetails":[],"failureMessages":[],"fullName":"UsersService findByEmailWithPassword should return null when not found","invocations":1,"location":null,"numPassingAsserts":1,"retryReasons":[],"startAt":1769158145485,"status":"passed","title":"should return null when not found"},{"ancestorTitles":["UsersService","validateCredentials"],"duration":2,"failing":false,"failureDetails":[],"failureMessages":[],"fullName":"UsersService validateCredentials should return SafeUser when credentials are valid","invocations":1,"location":null,"numPassingAsserts":3,"retryReasons":[],"startAt":1769158145486,"status":"passed","title":"should return SafeUser when credentials are valid"},{"ancestorTitles":["UsersService","validateCredentials"],"duration":1,"failing":false,"failureDetails":[],"failureMessages":[],"fullName":"UsersService validateCredentials should return null when user not found","invocations":1,"location":null,"numPassingAsserts":1,"retryReasons":[],"startAt":1769158145488,"status":"passed","title":"should return null when user not found"},{"ancestorTitles":["UsersService","validateCredentials"],"duration":1,"failing":false,"failureDetails":[],"failureMessages":[],"fullName":"UsersService validateCredentials should return null when password is incorrect","invocations":1,"location":null,"numPassingAsserts":1,"retryReasons":[],"startAt":1769158145490,"status":"passed","title":"should return null when password is incorrect"},{"ancestorTitles":["UsersService","validateCredentials"],"duration":1,"failing":false,"failureDetails":[],"failureMessages":[],"fullName":"UsersService validateCredentials should perform timing-safe check even when user not found","invocations":1,"location":null,"numPassingAsserts":1,"retryReasons":[],"startAt":1769158145492,"status":"passed","title":"should perform timing-safe check even when user not found"},{"ancestorTitles":["UsersService","update"],"duration":2,"failing":false,"failureDetails":[],"failureMessages":[],"fullName":"UsersService update should update user successfully","invocations":1,"location":null,"numPassingAsserts":1,"retryReasons":[],"startAt":1769158145493,"status":"passed","title":"should update user successfully"},{"ancestorTitles":["UsersService","update"],"duration":1,"failing":false,"failureDetails":[],"failureMessages":[],"fullName":"UsersService update should throw NotFoundException when user not found","invocations":1,"location":null,"numPassingAsserts":1,"retryReasons":[],"startAt":1769158145495,"status":"passed","title":"should throw NotFoundException when user not found"},{"ancestorTitles":["UsersService","changePassword"],"duration":1,"failing":false,"failureDetails":[],"failureMessages":[],"fullName":"UsersService changePassword should change password successfully","invocations":1,"location":null,"numPassingAsserts":2,"retryReasons":[],"startAt":1769158145497,"status":"passed","title":"should change password successfully"},{"ancestorTitles":["UsersService","changePassword"],"duration":1,"failing":false,"failureDetails":[],"failureMessages":[],"fullName":"UsersService changePassword should throw NotFoundException when user not found","invocations":1,"location":null,"numPassingAsserts":1,"retryReasons":[],"startAt":1769158145499,"status":"passed","title":"should throw NotFoundException when user not found"},{"ancestorTitles":["UsersService","changePassword"],"duration":2,"failing":false,"failureDetails":[],"failureMessages":[],"fullName":"UsersService changePassword should throw ConflictException when current password is wrong","invocations":1,"location":null,"numPassingAsserts":1,"retryReasons":[],"startAt":1769158145500,"status":"passed","title":"should throw ConflictException when current password is wrong"},{"ancestorTitles":["UsersService","delete"],"duration":1,"failing":false,"failureDetails":[],"failureMessages":[],"fullName":"UsersService delete should delete user successfully","invocations":1,"location":null,"numPassingAsserts":2,"retryReasons":[],"startAt":1769158145502,"status":"passed","title":"should delete user successfully"},{"ancestorTitles":["UsersService","delete"],"duration":1,"failing":false,"failureDetails":[],"failureMessages":[],"fullName":"UsersService delete should throw NotFoundException when user not found","invocations":1,"location":null,"numPassingAsserts":1,"retryReasons":[],"startAt":1769158145504,"status":"passed","title":"should throw NotFoundException when user not found"}],"endTime":1769158145506,"message":"","name":"C:\\Users\\timur\\Programming\\Projects\\snippetforge\\apps\\api\\test\\unit\\services\\users.service.spec.ts","startTime":1769158145232,"status":"passed","summary":""},{"assertionResults":[{"ancestorTitles":["AppController","root"],"duration":2,"failing":false,"failureDetails":[],"failureMessages":[],"fullName":"AppController root should return \"Hello World!\"","invocations":1,"location":null,"numPassingAsserts":1,"retryReasons":[],"startAt":1769158145790,"status":"passed","title":"should return \"Hello World!\""},{"ancestorTitles":["AppController","testValidation"],"duration":2,"failing":false,"failureDetails":[],"failureMessages":[],"fullName":"AppController testValidation should validate data successfully","invocations":1,"location":null,"numPassingAsserts":1,"retryReasons":[],"startAt":1769158145793,"status":"passed","title":"should validate data successfully"},{"ancestorTitles":["AppController","testValidation"],"duration":1,"failing":false,"failureDetails":[],"failureMessages":[],"fullName":"AppController testValidation should return validation error details on failure","invocations":1,"location":null,"numPassingAsserts":1,"retryReasons":[],"startAt":1769158145796,"status":"passed","title":"should return validation error details on failure"}],"endTime":1769158145798,"message":"","name":"C:\\Users\\timur\\Programming\\Projects\\snippetforge\\apps\\api\\src\\app.controller.spec.ts","startTime":1769158145529,"status":"passed","summary":""},{"assertionResults":[{"ancestorTitles":["AllExceptionsFilter","catch - production mode"],"duration":14,"failing":false,"failureDetails":[],"failureMessages":[],"fullName":"AllExceptionsFilter catch - production mode should return generic message in production for TypeError","invocations":1,"location":null,"numPassingAsserts":2,"retryReasons":[],"startAt":1769158145999,"status":"passed","title":"should return generic message in production for TypeError"},{"ancestorTitles":["AllExceptionsFilter","catch - production mode"],"duration":4,"failing":false,"failureDetails":[],"failureMessages":[],"fullName":"AllExceptionsFilter catch - production mode should not leak error details in production","invocations":1,"location":null,"numPassingAsserts":3,"retryReasons":[],"startAt":1769158146013,"status":"passed","title":"should not leak error details in production"},{"ancestorTitles":["AllExceptionsFilter","catch - production mode"],"duration":3,"failing":false,"failureDetails":[],"failureMessages":[],"fullName":"AllExceptionsFilter catch - production mode should log error with full details in production","invocations":1,"location":null,"numPassingAsserts":2,"retryReasons":[],"startAt":1769158146017,"status":"passed","title":"should log error with full details in production"},{"ancestorTitles":["AllExceptionsFilter","catch - development mode"],"duration":2,"failing":false,"failureDetails":[],"failureMessages":[],"fullName":"AllExceptionsFilter catch - development mode should return sanitized error message in development","invocations":1,"location":null,"numPassingAsserts":2,"retryReasons":[],"startAt":1769158146021,"status":"passed","title":"should return sanitized error message in development"},{"ancestorTitles":["AllExceptionsFilter","catch - development mode"],"duration":2,"failing":false,"failureDetails":[],"failureMessages":[],"fullName":"AllExceptionsFilter catch - development mode should sanitize file paths in development","invocations":1,"location":null,"numPassingAsserts":2,"retryReasons":[],"startAt":1769158146024,"status":"passed","title":"should sanitize file paths in development"},{"ancestorTitles":["AllExceptionsFilter","catch - development mode"],"duration":3,"failing":false,"failureDetails":[],"failureMessages":[],"fullName":"AllExceptionsFilter catch - development mode should sanitize Windows file paths in development","invocations":1,"location":null,"numPassingAsserts":2,"retryReasons":[],"startAt":1769158146027,"status":"passed","title":"should sanitize Windows file paths in development"},{"ancestorTitles":["AllExceptionsFilter","catch - development mode"],"duration":3,"failing":false,"failureDetails":[],"failureMessages":[],"fullName":"AllExceptionsFilter catch - development mode should sanitize connection strings in development","invocations":1,"location":null,"numPassingAsserts":2,"retryReasons":[],"startAt":1769158146031,"status":"passed","title":"should sanitize connection strings in development"},{"ancestorTitles":["AllExceptionsFilter","catch - development mode"],"duration":3,"failing":false,"failureDetails":[],"failureMessages":[],"fullName":"AllExceptionsFilter catch - development mode should truncate very long error messages","invocations":1,"location":null,"numPassingAsserts":1,"retryReasons":[],"startAt":1769158146035,"status":"passed","title":"should truncate very long error messages"},{"ancestorTitles":["AllExceptionsFilter","error type identification"],"duration":3,"failing":false,"failureDetails":[],"failureMessages":[],"fullName":"AllExceptionsFilter error type identification should identify JWT token invalid error","invocations":1,"location":null,"numPassingAsserts":1,"retryReasons":[],"startAt":1769158146038,"status":"passed","title":"should identify JWT token invalid error"},{"ancestorTitles":["AllExceptionsFilter","error type identification"],"duration":3,"failing":false,"failureDetails":[],"failureMessages":[],"fullName":"AllExceptionsFilter error type identification should identify JWT token expired error","invocations":1,"location":null,"numPassingAsserts":1,"retryReasons":[],"startAt":1769158146042,"status":"passed","title":"should identify JWT token expired error"},{"ancestorTitles":["AllExceptionsFilter","error type identification"],"duration":3,"failing":false,"failureDetails":[],"failureMessages":[],"fullName":"AllExceptionsFilter error type identification should identify JWT NotBeforeError","invocations":1,"location":null,"numPassingAsserts":1,"retryReasons":[],"startAt":1769158146045,"status":"passed","title":"should identify JWT NotBeforeError"},{"ancestorTitles":["AllExceptionsFilter","error type identification"],"duration":3,"failing":false,"failureDetails":[],"failureMessages":[],"fullName":"AllExceptionsFilter error type identification should identify database connection error","invocations":1,"location":null,"numPassingAsserts":1,"retryReasons":[],"startAt":1769158146048,"status":"passed","title":"should identify database connection error"},{"ancestorTitles":["AllExceptionsFilter","error type identification"],"duration":3,"failing":false,"failureDetails":[],"failureMessages":[],"fullName":"AllExceptionsFilter error type identification should identify postgres error","invocations":1,"location":null,"numPassingAsserts":1,"retryReasons":[],"startAt":1769158146051,"status":"passed","title":"should identify postgres error"},{"ancestorTitles":["AllExceptionsFilter","error type identification"],"duration":3,"failing":false,"failureDetails":[],"failureMessages":[],"fullName":"AllExceptionsFilter error type identification should identify unique constraint violation","invocations":1,"location":null,"numPassingAsserts":1,"retryReasons":[],"startAt":1769158146054,"status":"passed","title":"should identify unique constraint violation"},{"ancestorTitles":["AllExceptionsFilter","error type identification"],"duration":3,"failing":false,"failureDetails":[],"failureMessages":[],"fullName":"AllExceptionsFilter error type identification should identify JSON parse error","invocations":1,"location":null,"numPassingAsserts":1,"retryReasons":[],"startAt":1769158146058,"status":"passed","title":"should identify JSON parse error"},{"ancestorTitles":["AllExceptionsFilter","error type identification"],"duration":3,"failing":false,"failureDetails":[],"failureMessages":[],"fullName":"AllExceptionsFilter error type identification should use default code for unknown error","invocations":1,"location":null,"numPassingAsserts":1,"retryReasons":[],"startAt":1769158146061,"status":"passed","title":"should use default code for unknown error"},{"ancestorTitles":["AllExceptionsFilter","HttpException handling"],"duration":1,"failing":false,"failureDetails":[],"failureMessages":[],"fullName":"AllExceptionsFilter HttpException handling should handle HttpException with warning","invocations":1,"location":null,"numPassingAsserts":2,"retryReasons":[],"startAt":1769158146065,"status":"passed","title":"should handle HttpException with warning"},{"ancestorTitles":["AllExceptionsFilter","request ID extraction"],"duration":4,"failing":false,"failureDetails":[],"failureMessages":[],"fullName":"AllExceptionsFilter request ID extraction should extract x-request-id from headers","invocations":1,"location":null,"numPassingAsserts":1,"retryReasons":[],"startAt":1769158146066,"status":"passed","title":"should extract x-request-id from headers"},{"ancestorTitles":["AllExceptionsFilter","request ID extraction"],"duration":2,"failing":false,"failureDetails":[],"failureMessages":[],"fullName":"AllExceptionsFilter request ID extraction should extract x-correlation-id if x-request-id is not present","invocations":1,"location":null,"numPassingAsserts":1,"retryReasons":[],"startAt":1769158146070,"status":"passed","title":"should extract x-correlation-id if x-request-id is not present"},{"ancestorTitles":["AllExceptionsFilter","request ID extraction"],"duration":2,"failing":false,"failureDetails":[],"failureMessages":[],"fullName":"AllExceptionsFilter request ID extraction should not include requestId if neither header is present","invocations":1,"location":null,"numPassingAsserts":1,"retryReasons":[],"startAt":1769158146073,"status":"passed","title":"should not include requestId if neither header is present"},{"ancestorTitles":["AllExceptionsFilter","non-Error exception handling"],"duration":2,"failing":false,"failureDetails":[],"failureMessages":[],"fullName":"AllExceptionsFilter non-Error exception handling should handle string throws","invocations":1,"location":null,"numPassingAsserts":2,"retryReasons":[],"startAt":1769158146076,"status":"passed","title":"should handle string throws"},{"ancestorTitles":["AllExceptionsFilter","non-Error exception handling"],"duration":2,"failing":false,"failureDetails":[],"failureMessages":[],"fullName":"AllExceptionsFilter non-Error exception handling should log string throws appropriately","invocations":1,"location":null,"numPassingAsserts":3,"retryReasons":[],"startAt":1769158146079,"status":"passed","title":"should log string throws appropriately"},{"ancestorTitles":["AllExceptionsFilter","logging"],"duration":3,"failing":false,"failureDetails":[],"failureMessages":[],"fullName":"AllExceptionsFilter logging should always log with stack trace for Error instances","invocations":1,"location":null,"numPassingAsserts":3,"retryReasons":[],"startAt":1769158146082,"status":"passed","title":"should always log with stack trace for Error instances"},{"ancestorTitles":["AllExceptionsFilter","logging"],"duration":4,"failing":false,"failureDetails":[],"failureMessages":[],"fullName":"AllExceptionsFilter logging should include request metadata in log context","invocations":1,"location":null,"numPassingAsserts":1,"retryReasons":[],"startAt":1769158146085,"status":"passed","title":"should include request metadata in log context"},{"ancestorTitles":["AllExceptionsFilter","logging"],"duration":3,"failing":false,"failureDetails":[],"failureMessages":[],"fullName":"AllExceptionsFilter logging should truncate long user agents","invocations":1,"location":null,"numPassingAsserts":1,"retryReasons":[],"startAt":1769158146089,"status":"passed","title":"should truncate long user agents"},{"ancestorTitles":["AllExceptionsFilter","response format"],"duration":2,"failing":false,"failureDetails":[],"failureMessages":[],"fullName":"AllExceptionsFilter response format should never include stack trace in response","invocations":1,"location":null,"numPassingAsserts":1,"retryReasons":[],"startAt":1769158146093,"status":"passed","title":"should never include stack trace in response"},{"ancestorTitles":["AllExceptionsFilter","response format"],"duration":3,"failing":false,"failureDetails":[],"failureMessages":[],"fullName":"AllExceptionsFilter response format should always set success to false","invocations":1,"location":null,"numPassingAsserts":1,"retryReasons":[],"startAt":1769158146095,"status":"passed","title":"should always set success to false"},{"ancestorTitles":["AllExceptionsFilter","response format"],"duration":2,"failing":false,"failureDetails":[],"failureMessages":[],"fullName":"AllExceptionsFilter response format should include proper metadata","invocations":1,"location":null,"numPassingAsserts":1,"retryReasons":[],"startAt":1769158146099,"status":"passed","title":"should include proper metadata"}],"endTime":1769158146102,"message":"","name":"C:\\Users\\timur\\Programming\\Projects\\snippetforge\\apps\\api\\src\\shared\\filters\\all-exceptions.filter.spec.ts","startTime":1769158145827,"status":"passed","summary":""},{"assertionResults":[{"ancestorTitles":["AuthService","register"],"duration":3,"failing":false,"failureDetails":[],"failureMessages":[],"fullName":"AuthService register should register a new user and return tokens","invocations":1,"location":null,"numPassingAsserts":5,"retryReasons":[],"startAt":1769158146343,"status":"passed","title":"should register a new user and return tokens"},{"ancestorTitles":["AuthService","register"],"duration":2,"failing":false,"failureDetails":[],"failureMessages":[],"fullName":"AuthService register should generate JWT with correct payload","invocations":1,"location":null,"numPassingAsserts":1,"retryReasons":[],"startAt":1769158146347,"status":"passed","title":"should generate JWT with correct payload"},{"ancestorTitles":["AuthService","register"],"duration":6,"failing":false,"failureDetails":[],"failureMessages":[],"fullName":"AuthService register should propagate ConflictException from UsersService","invocations":1,"location":null,"numPassingAsserts":1,"retryReasons":[],"startAt":1769158146350,"status":"passed","title":"should propagate ConflictException from UsersService"},{"ancestorTitles":["AuthService","login"],"duration":1,"failing":false,"failureDetails":[],"failureMessages":[],"fullName":"AuthService login should login user and return tokens","invocations":1,"location":null,"numPassingAsserts":3,"retryReasons":[],"startAt":1769158146357,"status":"passed","title":"should login user and return tokens"},{"ancestorTitles":["AuthService","login"],"duration":10,"failing":false,"failureDetails":[],"failureMessages":[],"fullName":"AuthService login should throw UnauthorizedException when credentials are invalid","invocations":1,"location":null,"numPassingAsserts":2,"retryReasons":[],"startAt":1769158146359,"status":"passed","title":"should throw UnauthorizedException when credentials are invalid"},{"ancestorTitles":["AuthService","login"],"duration":2,"failing":false,"failureDetails":[],"failureMessages":[],"fullName":"AuthService login should generate JWT with correct payload on login","invocations":1,"location":null,"numPassingAsserts":1,"retryReasons":[],"startAt":1769158146369,"status":"passed","title":"should generate JWT with correct payload on login"},{"ancestorTitles":["AuthService","token generation"],"duration":2,"failing":false,"failureDetails":[],"failureMessages":[],"fullName":"AuthService token generation should include expiresIn in token response","invocations":1,"location":null,"numPassingAsserts":2,"retryReasons":[],"startAt":1769158146371,"status":"passed","title":"should include expiresIn in token response"},{"ancestorTitles":["AuthService","token generation"],"duration":1,"failing":false,"failureDetails":[],"failureMessages":[],"fullName":"AuthService token generation should set tokenType to Bearer","invocations":1,"location":null,"numPassingAsserts":1,"retryReasons":[],"startAt":1769158146373,"status":"passed","title":"should set tokenType to Bearer"},{"ancestorTitles":["AuthService","validateUserById"],"duration":1,"failing":false,"failureDetails":[],"failureMessages":[],"fullName":"AuthService validateUserById should return user when found","invocations":1,"location":null,"numPassingAsserts":2,"retryReasons":[],"startAt":1769158146375,"status":"passed","title":"should return user when found"},{"ancestorTitles":["AuthService","validateUserById"],"duration":1,"failing":false,"failureDetails":[],"failureMessages":[],"fullName":"AuthService validateUserById should propagate NotFoundException from UsersService","invocations":1,"location":null,"numPassingAsserts":1,"retryReasons":[],"startAt":1769158146377,"status":"passed","title":"should propagate NotFoundException from UsersService"},{"ancestorTitles":["AuthService","getCurrentUser"],"duration":2,"failing":false,"failureDetails":[],"failureMessages":[],"fullName":"AuthService getCurrentUser should return user by id","invocations":1,"location":null,"numPassingAsserts":1,"retryReasons":[],"startAt":1769158146379,"status":"passed","title":"should return user by id"}],"endTime":1769158146382,"message":"","name":"C:\\Users\\timur\\Programming\\Projects\\snippetforge\\apps\\api\\test\\unit\\services\\auth.service.spec.ts","startTime":1769158146118,"status":"passed","summary":""},{"assertionResults":[{"ancestorTitles":["UsersRepository","findById"],"duration":4,"failing":false,"failureDetails":[],"failureMessages":[],"fullName":"UsersRepository findById should find user by ID","invocations":1,"location":null,"numPassingAsserts":1,"retryReasons":[],"startAt":1769158146599,"status":"passed","title":"should find user by ID"},{"ancestorTitles":["UsersRepository","findById"],"duration":2,"failing":false,"failureDetails":[],"failureMessages":[],"fullName":"UsersRepository findById should return null when user not found","invocations":1,"location":null,"numPassingAsserts":1,"retryReasons":[],"startAt":1769158146603,"status":"passed","title":"should return null when user not found"},{"ancestorTitles":["UsersRepository","findByEmail"],"duration":1,"failing":false,"failureDetails":[],"failureMessages":[],"fullName":"UsersRepository findByEmail should find user by email","invocations":1,"location":null,"numPassingAsserts":1,"retryReasons":[],"startAt":1769158146606,"status":"passed","title":"should find user by email"},{"ancestorTitles":["UsersRepository","findByEmail"],"duration":1,"failing":false,"failureDetails":[],"failureMessages":[],"fullName":"UsersRepository findByEmail should return null when email not found","invocations":1,"location":null,"numPassingAsserts":1,"retryReasons":[],"startAt":1769158146608,"status":"passed","title":"should return null when email not found"},{"ancestorTitles":["UsersRepository","findByUsername"],"duration":1,"failing":false,"failureDetails":[],"failureMessages":[],"fullName":"UsersRepository findByUsername should find user by username","invocations":1,"location":null,"numPassingAsserts":1,"retryReasons":[],"startAt":1769158146610,"status":"passed","title":"should find user by username"},{"ancestorTitles":["UsersRepository","findByUsername"],"duration":1,"failing":false,"failureDetails":[],"failureMessages":[],"fullName":"UsersRepository findByUsername should return null when username not found","invocations":1,"location":null,"numPassingAsserts":1,"retryReasons":[],"startAt":1769158146611,"status":"passed","title":"should return null when username not found"},{"ancestorTitles":["UsersRepository","findByEmailOrUsername"],"duration":1,"failing":false,"failureDetails":[],"failureMessages":[],"fullName":"UsersRepository findByEmailOrUsername should find user by email or username","invocations":1,"location":null,"numPassingAsserts":1,"retryReasons":[],"startAt":1769158146613,"status":"passed","title":"should find user by email or username"},{"ancestorTitles":["UsersRepository","findByEmailOrUsername"],"duration":2,"failing":false,"failureDetails":[],"failureMessages":[],"fullName":"UsersRepository findByEmailOrUsername should return null when neither exists","invocations":1,"location":null,"numPassingAsserts":1,"retryReasons":[],"startAt":1769158146614,"status":"passed","title":"should return null when neither exists"},{"ancestorTitles":["UsersRepository","create"],"duration":2,"failing":false,"failureDetails":[],"failureMessages":[],"fullName":"UsersRepository create should create new user","invocations":1,"location":null,"numPassingAsserts":2,"retryReasons":[],"startAt":1769158146616,"status":"passed","title":"should create new user"},{"ancestorTitles":["UsersRepository","update"],"duration":1,"failing":false,"failureDetails":[],"failureMessages":[],"fullName":"UsersRepository update should update user successfully","invocations":1,"location":null,"numPassingAsserts":2,"retryReasons":[],"startAt":1769158146618,"status":"passed","title":"should update user successfully"},{"ancestorTitles":["UsersRepository","update"],"duration":1,"failing":false,"failureDetails":[],"failureMessages":[],"fullName":"UsersRepository update should return null when user not found","invocations":1,"location":null,"numPassingAsserts":1,"retryReasons":[],"startAt":1769158146620,"status":"passed","title":"should return null when user not found"},{"ancestorTitles":["UsersRepository","updatePassword"],"duration":1,"failing":false,"failureDetails":[],"failureMessages":[],"fullName":"UsersRepository updatePassword should update password successfully","invocations":1,"location":null,"numPassingAsserts":1,"retryReasons":[],"startAt":1769158146622,"status":"passed","title":"should update password successfully"},{"ancestorTitles":["UsersRepository","updatePassword"],"duration":2,"failing":false,"failureDetails":[],"failureMessages":[],"fullName":"UsersRepository updatePassword should return false when user not found","invocations":1,"location":null,"numPassingAsserts":1,"retryReasons":[],"startAt":1769158146623,"status":"passed","title":"should return false when user not found"},{"ancestorTitles":["UsersRepository","delete"],"duration":13,"failing":false,"failureDetails":[],"failureMessages":[],"fullName":"UsersRepository delete should delete user successfully","invocations":1,"location":null,"numPassingAsserts":1,"retryReasons":[],"startAt":1769158146625,"status":"passed","title":"should delete user successfully"},{"ancestorTitles":["UsersRepository","delete"],"duration":1,"failing":false,"failureDetails":[],"failureMessages":[],"fullName":"UsersRepository delete should return false when user not found","invocations":1,"location":null,"numPassingAsserts":1,"retryReasons":[],"startAt":1769158146638,"status":"passed","title":"should return false when user not found"},{"ancestorTitles":["UsersRepository","count"],"duration":1,"failing":false,"failureDetails":[],"failureMessages":[],"fullName":"UsersRepository count should return count of users","invocations":1,"location":null,"numPassingAsserts":1,"retryReasons":[],"startAt":1769158146640,"status":"passed","title":"should return count of users"}],"endTime":1769158146642,"message":"","name":"C:\\Users\\timur\\Programming\\Projects\\snippetforge\\apps\\api\\test\\unit\\repositories\\users.repository.spec.ts","startTime":1769158146404,"status":"passed","summary":""},{"assertionResults":[{"ancestorTitles":["JwtStrategy","validate"],"duration":4,"failing":false,"failureDetails":[],"failureMessages":[],"fullName":"JwtStrategy validate should return user when found","invocations":1,"location":null,"numPassingAsserts":2,"retryReasons":[],"startAt":1769158146861,"status":"passed","title":"should return user when found"},{"ancestorTitles":["JwtStrategy","validate"],"duration":9,"failing":false,"failureDetails":[],"failureMessages":[],"fullName":"JwtStrategy validate should throw UnauthorizedException when user not found","invocations":1,"location":null,"numPassingAsserts":2,"retryReasons":[],"startAt":1769158146865,"status":"passed","title":"should throw UnauthorizedException when user not found"}],"endTime":1769158146876,"message":"","name":"C:\\Users\\timur\\Programming\\Projects\\snippetforge\\apps\\api\\test\\unit\\strategies\\jwt.strategy.spec.ts","startTime":1769158146657,"status":"passed","summary":""},{"assertionResults":[{"ancestorTitles":["HttpExceptionFilter","catch","response format"],"duration":2,"failing":false,"failureDetails":[],"failureMessages":[],"fullName":"HttpExceptionFilter catch response format should return standardized error response format","invocations":1,"location":null,"numPassingAsserts":2,"retryReasons":[],"startAt":1769158147059,"status":"passed","title":"should return standardized error response format"},{"ancestorTitles":["HttpExceptionFilter","catch","response format"],"duration":1,"failing":false,"failureDetails":[],"failureMessages":[],"fullName":"HttpExceptionFilter catch response format should include request id from headers","invocations":1,"location":null,"numPassingAsserts":1,"retryReasons":[],"startAt":1769158147062,"status":"passed","title":"should include request id from headers"},{"ancestorTitles":["HttpExceptionFilter","catch","error code inference"],"duration":1,"failing":false,"failureDetails":[],"failureMessages":[],"fullName":"HttpExceptionFilter catch error code inference should infer AUTH_TOKEN_MISSING for \"missing token\" message","invocations":1,"location":null,"numPassingAsserts":1,"retryReasons":[],"startAt":1769158147063,"status":"passed","title":"should infer AUTH_TOKEN_MISSING for \"missing token\" message"},{"ancestorTitles":["HttpExceptionFilter","catch","error code inference"],"duration":1,"failing":false,"failureDetails":[],"failureMessages":[],"fullName":"HttpExceptionFilter catch error code inference should infer AUTH_TOKEN_EXPIRED for \"expired\" message","invocations":1,"location":null,"numPassingAsserts":1,"retryReasons":[],"startAt":1769158147065,"status":"passed","title":"should infer AUTH_TOKEN_EXPIRED for \"expired\" message"},{"ancestorTitles":["HttpExceptionFilter","catch","error code inference"],"duration":1,"failing":false,"failureDetails":[],"failureMessages":[],"fullName":"HttpExceptionFilter catch error code inference should infer AUTH_INVALID_CREDENTIALS for login failure","invocations":1,"location":null,"numPassingAsserts":1,"retryReasons":[],"startAt":1769158147066,"status":"passed","title":"should infer AUTH_INVALID_CREDENTIALS for login failure"},{"ancestorTitles":["HttpExceptionFilter","catch","error code inference"],"duration":1,"failing":false,"failureDetails":[],"failureMessages":[],"fullName":"HttpExceptionFilter catch error code inference should infer USER_EMAIL_EXISTS for email conflict","invocations":1,"location":null,"numPassingAsserts":1,"retryReasons":[],"startAt":1769158147067,"status":"passed","title":"should infer USER_EMAIL_EXISTS for email conflict"},{"ancestorTitles":["HttpExceptionFilter","catch","error code inference"],"duration":1,"failing":false,"failureDetails":[],"failureMessages":[],"fullName":"HttpExceptionFilter catch error code inference should infer USER_USERNAME_EXISTS for username conflicts","invocations":1,"location":null,"numPassingAsserts":1,"retryReasons":[],"startAt":1769158147068,"status":"passed","title":"should infer USER_USERNAME_EXISTS for username conflicts"},{"ancestorTitles":["HttpExceptionFilter","catch","error code inference"],"duration":1,"failing":false,"failureDetails":[],"failureMessages":[],"fullName":"HttpExceptionFilter catch error code inference should infer AUTH_INSUFFICIENT_ROLE for role-based forbiddance","invocations":1,"location":null,"numPassingAsserts":1,"retryReasons":[],"startAt":1769158147069,"status":"passed","title":"should infer AUTH_INSUFFICIENT_ROLE for role-based forbiddance"},{"ancestorTitles":["HttpExceptionFilter","catch","error code inference"],"duration":0,"failing":false,"failureDetails":[],"failureMessages":[],"fullName":"HttpExceptionFilter catch error code inference should infer USER_NOT_FOUND for user not found","invocations":1,"location":null,"numPassingAsserts":1,"retryReasons":[],"startAt":1769158147071,"status":"passed","title":"should infer USER_NOT_FOUND for user not found"},{"ancestorTitles":["HttpExceptionFilter","catch","validation error handling"],"duration":1,"failing":false,"failureDetails":[],"failureMessages":[],"fullName":"HttpExceptionFilter catch validation error handling should include validation details in response","invocations":1,"location":null,"numPassingAsserts":1,"retryReasons":[],"startAt":1769158147072,"status":"passed","title":"should include validation details in response"},{"ancestorTitles":["HttpExceptionFilter","catch","validation error handling"],"duration":1,"failing":false,"failureDetails":[],"failureMessages":[],"fullName":"HttpExceptionFilter catch validation error handling should normalize array messages and expose them as context","invocations":1,"location":null,"numPassingAsserts":1,"retryReasons":[],"startAt":1769158147073,"status":"passed","title":"should normalize array messages and expose them as context"},{"ancestorTitles":["HttpExceptionFilter","catch","HTTP status codes"],"duration":1,"failing":false,"failureDetails":[],"failureMessages":[],"fullName":"HttpExceptionFilter catch HTTP status codes should handle 400 (Bad Request)","invocations":1,"location":null,"numPassingAsserts":2,"retryReasons":[],"startAt":1769158147075,"status":"passed","title":"should handle 400 (Bad Request)"},{"ancestorTitles":["HttpExceptionFilter","catch","HTTP status codes"],"duration":1,"failing":false,"failureDetails":[],"failureMessages":[],"fullName":"HttpExceptionFilter catch HTTP status codes should handle 401 (Unauthorized)","invocations":1,"location":null,"numPassingAsserts":2,"retryReasons":[],"startAt":1769158147076,"status":"passed","title":"should handle 401 (Unauthorized)"},{"ancestorTitles":["HttpExceptionFilter","catch","HTTP status codes"],"duration":1,"failing":false,"failureDetails":[],"failureMessages":[],"fullName":"HttpExceptionFilter catch HTTP status codes should handle 403 (Forbidden)","invocations":1,"location":null,"numPassingAsserts":2,"retryReasons":[],"startAt":1769158147077,"status":"passed","title":"should handle 403 (Forbidden)"},{"ancestorTitles":["HttpExceptionFilter","catch","HTTP status codes"],"duration":1,"failing":false,"failureDetails":[],"failureMessages":[],"fullName":"HttpExceptionFilter catch HTTP status codes should handle 404 (Not Found)","invocations":1,"location":null,"numPassingAsserts":2,"retryReasons":[],"startAt":1769158147078,"status":"passed","title":"should handle 404 (Not Found)"},{"ancestorTitles":["HttpExceptionFilter","catch","HTTP status codes"],"duration":1,"failing":false,"failureDetails":[],"failureMessages":[],"fullName":"HttpExceptionFilter catch HTTP status codes should handle 409 (Conflict)","invocations":1,"location":null,"numPassingAsserts":2,"retryReasons":[],"startAt":1769158147079,"status":"passed","title":"should handle 409 (Conflict)"},{"ancestorTitles":["HttpExceptionFilter","catch","HTTP status codes"],"duration":9,"failing":false,"failureDetails":[],"failureMessages":[],"fullName":"HttpExceptionFilter catch HTTP status codes should handle 500 (Internal Server Error)","invocations":1,"location":null,"numPassingAsserts":2,"retryReasons":[],"startAt":1769158147081,"status":"passed","title":"should handle 500 (Internal Server Error)"}],"endTime":1769158147092,"message":"","name":"C:\\Users\\timur\\Programming\\Projects\\snippetforge\\apps\\api\\test\\unit\\filters\\http-exception.filter.spec.ts","startTime":1769158146890,"status":"passed","summary":""},{"assertionResults":[{"ancestorTitles":["DatabaseService","onModuleDestroy"],"duration":4,"failing":false,"failureDetails":[],"failureMessages":[],"fullName":"DatabaseService onModuleDestroy should close database connection","invocations":1,"location":null,"numPassingAsserts":1,"retryReasons":[],"startAt":1769158147300,"status":"passed","title":"should close database connection"},{"ancestorTitles":["DatabaseService","onModuleDestroy"],"duration":1,"failing":false,"failureDetails":[],"failureMessages":[],"fullName":"DatabaseService onModuleDestroy should handle missing client gracefully","invocations":1,"location":null,"numPassingAsserts":1,"retryReasons":[],"startAt":1769158147305,"status":"passed","title":"should handle missing client gracefully"},{"ancestorTitles":["DatabaseService","drizzle getter"],"duration":14,"failing":false,"failureDetails":[],"failureMessages":[],"fullName":"DatabaseService drizzle getter should throw error when database not initialized","invocations":1,"location":null,"numPassingAsserts":1,"retryReasons":[],"startAt":1769158147307,"status":"passed","title":"should throw error when database not initialized"},{"ancestorTitles":["DatabaseService","executeRaw"],"duration":2,"failing":false,"failureDetails":[],"failureMessages":[],"fullName":"DatabaseService executeRaw should execute raw SQL","invocations":1,"location":null,"numPassingAsserts":2,"retryReasons":[],"startAt":1769158147321,"st
[...]
ippetforge\\apps\\api\\src\\modules\\auth\\auth.service.ts","statementMap":{"0":{"start":{"line":3,"column":0},"end":{"line":3,"column":75}},"1":{"start":{"line":4,"column":0},"end":{"line":4,"column":47}},"2":{"start":{"line":5,"column":0},"end":{"line":5,"column":41}},"3":{"start":{"line":6,"column":0},"end":{"line":6,"column":55}},"4":{"start":{"line":35,"column":24},"end":{"line":203,"column":null}},"5":{"start":{"line":36,"column":28},"end":{"line":36,"column":56}},"6":{"start":{"line":42,"column":21},"end":{"line":42,"column":35}},"7":{"start":{"line":43,"column":21},"end":{"line":43,"column":33}},"8":{"start":{"line":44,"column":21},"end":{"line":44,"column":36}},"9":{"start":{"line":48,"column":6},"end":{"line":48,"column":63}},"10":{"start":{"line":49,"column":4},"end":{"line":49,"column":69}},"11":{"start":{"line":64,"column":4},"end":{"line":64,"column":60}},"12":{"start":{"line":67,"column":17},"end":{"line":71,"column":6}},"13":{"start":{"line":74,"column":19},"end":{"line":74,"column":50}},"14":{"start":{"line":76,"column":4},"end":{"line":76,"column":64}},"15":{"start":{"line":78,"column":4},"end":{"line":81,"column":6}},"16":{"start":{"line":96,"column":4},"end":{"line":96,"column":57}},"17":{"start":{"line":99,"column":17},"end":{"line":101,"column":null}},"18":{"start":{"line":105,"column":4},"end":{"line":109,"column":5}},"19":{"start":{"line":106,"column":6},"end":{"line":106,"column":65}},"20":{"start":{"line":108,"column":6},"end":{"line":108,"column":67}},"21":{"start":{"line":112,"column":19},"end":{"line":112,"column":50}},"22":{"start":{"line":114,"column":4},"end":{"line":114,"column":63}},"23":{"start":{"line":116,"column":4},"end":{"line":119,"column":6}},"24":{"start":{"line":130,"column":4},"end":{"line":130,"column":46}},"25":{"start":{"line":137,"column":4},"end":{"line":137,"column":46}},"26":{"start":{"line":152,"column":32},"end":{"line":156,"column":6}},"27":{"start":{"line":159,"column":24},"end":{"line":159,"column":64}},"28":{"start":{"line":161,"column":4},"end":{"line":165,"column":6}},"29":{"start":{"line":178,"column":18},"end":{"line":178,"column":50}},"30":{"start":{"line":180,"column":4},"end":{"line":185,"column":5}},"31":{"start":{"line":181,"column":6},"end":{"line":183,"column":8}},"32":{"start":{"line":184,"column":6},"end":{"line":184,"column":17}},"33":{"start":{"line":187,"column":16},"end":{"line":187,"column":38}},"34":{"start":{"line":188,"column":17},"end":{"line":188,"column":32}},"35":{"start":{"line":190,"column":4},"end":{"line":201,"column":5}},"36":{"start":{"line":192,"column":8},"end":{"line":192,"column":19}},"37":{"start":{"line":194,"column":8},"end":{"line":194,"column":24}},"38":{"start":{"line":196,"column":8},"end":{"line":196,"column":29}},"39":{"start":{"line":198,"column":8},"end":{"line":198,"column":34}},"40":{"start":{"line":200,"column":8},"end":{"line":200,"column":19}},"41":{"start":{"line":35,"column":13},"end":{"line":35,"column":24}},"42":{"start":{"line":35,"column":13},"end":{"line":203,"column":null}}},"fnMap":{"0":{"name":"(anonymous_2)","decl":{"start":{"line":41,"column":2},"end":{"line":41,"column":null}},"loc":{"start":{"line":44,"column":49},"end":{"line":50,"column":3}}},"1":{"name":"(anonymous_3)","decl":{"start":{"line":63,"column":2},"end":{"line":63,"column":7}},"loc":{"start":{"line":63,"column":33},"end":{"line":82,"column":3}}},"2":{"name":"(anonymous_4)","decl":{"start":{"line":95,"column":2},"end":{"line":95,"column":7}},"loc":{"start":{"line":95,"column":27},"end":{"line":120,"column":3}}},"3":{"name":"(anonymous_5)","decl":{"start":{"line":129,"column":2},"end":{"line":129,"column":7}},"loc":{"start":{"line":129,"column":39},"end":{"line":131,"column":3}}},"4":{"name":"(anonymous_6)","decl":{"start":{"line":136,"column":2},"end":{"line":136,"column":7}},"loc":{"start":{"line":136,"column":37},"end":{"line":138,"column":3}}},"5":{"name":"(anonymous_7)","decl":{"start":{"line":150,"column":10},"end":{"line":150,"column":15}},"loc":{"start":{"line":150,"column":45},"end":{"line":166,"column":3}}},"6":{"name":"(anonymous_8)","decl":{"start":{"line":177,"column":10},"end":{"line":177,"column":24}},"loc":{"start":{"line":177,"column":38},"end":{"line":202,"column":3}}}},"branchMap":{"0":{"loc":{"start":{"line":48,"column":6},"end":{"line":48,"column":63}},"type":"binary-expr","locations":[{"start":{"line":48,"column":6},"end":{"line":48,"column":54}},{"start":{"line":48,"column":58},"end":{"line":48,"column":63}}]},"1":{"loc":{"start":{"line":105,"column":4},"end":{"line":109,"column":5}},"type":"if","locations":[{"start":{"line":105,"column":4},"end":{"line":109,"column":5}},{"start":{},"end":{}}]},"2":{"loc":{"start":{"line":180,"column":4},"end":{"line":185,"column":5}},"type":"if","locations":[{"start":{"line":180,"column":4},"end":{"line":185,"column":5}},{"start":{},"end":{}}]},"3":{"loc":{"start":{"line":188,"column":17},"end":{"line":188,"column":32}},"type":"binary-expr","locations":[{"start":{"line":188,"column":17},"end":{"line":188,"column":25}},{"start":{"line":188,"column":29},"end":{"line":188,"column":32}}]},"4":{"loc":{"start":{"line":190,"column":4},"end":{"line":201,"column":5}},"type":"switch","locations":[{"start":{"line":191,"column":6},"end":{"line":192,"column":19}},{"start":{"line":193,"column":6},"end":{"line":194,"column":24}},{"start":{"line":195,"column":6},"end":{"line":196,"column":29}},{"start":{"line":197,"column":6},"end":{"line":198,"column":34}},{"start":{"line":199,"column":6},"end":{"line":200,"column":19}}]},"5":{"loc":{"start":{"line":42,"column":35},"end":{"line":42,"column":null}},"type":"cond-expr","locations":[{"start":{"line":42,"column":47},"end":{"line":42,"column":null}},{"start":{"line":42,"column":47},"end":{"line":42,"column":null}}]},"6":{"loc":{"start":{"line":42,"column":35},"end":{"line":42,"column":47}},"type":"binary-expr","locations":[{"start":{"line":42,"column":35},"end":{"line":42,"column":null}},{"start":{"line":42,"column":35},"end":{"line":42,"column":47}}]},"7":{"loc":{"start":{"line":42,"column":47},"end":{"line":43,"column":null}},"type":"cond-expr","locations":[{"start":{"line":43,"column":43},"end":{"line":43,"column":null}},{"start":{"line":43,"column":43},"end":{"line":43,"column":null}}]},"8":{"loc":{"start":{"line":42,"column":47},"end":{"line":43,"column":43}},"type":"binary-expr","locations":[{"start":{"line":42,"column":47},"end":{"line":43,"column":null}},{"start":{"line":43,"column":33},"end":{"line":43,"column":43}}]},"9":{"loc":{"start":{"line":43,"column":43},"end":{"line":44,"column":null}},"type":"cond-expr","locations":[{"start":{"line":44,"column":49},"end":{"line":44,"column":null}},{"start":{"line":44,"column":49},"end":{"line":44,"column":null}}]},"10":{"loc":{"start":{"line":43,"column":43},"end":{"line":44,"column":49}},"type":"binary-expr","locations":[{"start":{"line":43,"column":43},"end":{"line":44,"column":null}},{"start":{"line":44,"column":36},"end":{"line":44,"column":49}}]}},"s":{"0":5,"1":5,"2":5,"3":5,"4":5,"5":14,"6":14,"7":14,"8":14,"9":14,"10":14,"11":13,"12":13,"13":10,"14":10,"15":10,"16":12,"17":12,"18":12,"19":6,"20":6,"21":6,"22":6,"23":6,"24":2,"25":1,"26":16,"27":16,"28":16,"29":14,"30":14,"31":0,"32":0,"33":14,"34":14,"35":14,"36":0,"37":14,"38":0,"39":0,"40":0,"41":5,"42":5},"f":{"0":14,"1":13,"2":12,"3":2,"4":1,"5":16,"6":14},"b":{"0":[14,0],"1":[6,6],"2":[0,14],"3":[14,0],"4":[0,14,0,0,0],"5":[5,0],"6":[5,5],"7":[5,0],"8":[5,5],"9":[5,0],"10":[5,5]}},"C:\\Users\\timur\\Programming\\Projects\\snippetforge\\apps\\api\\src\\modules\\auth\\decorators\\public.decorator.ts":{"path":"C:\\Users\\timur\\Programming\\Projects\\snippetforge\\apps\\api\\src\\modules\\auth\\decorators\\public.decorator.ts","statementMap":{"0":{"start":{"line":3,"column":0},"end":{"line":3,"column":45}},"1":{"start":{"line":9,"column":13},"end":{"line":9,"column":40}},"2":{"start":{"line":32,"column":22},"end":{"line":32,"column":60}},"3":{"start":{"line":32,"column":28},"end":{"line":32,"column":60}},"4":{"start":{"line":32,"column":13},"end":{"line":32,"column":22}}},"fnMap":{"0":{"name":"(anonymous_0)","decl":{"start":{"line":32,"column":22},"end":{"line":32,"column":25}},"loc":{"start":{"line":32,"column":28},"end":{"line":32,"column":60}}}},"branchMap":{},"s":{"0":5,"1":5,"2":5,"3":12,"4":5},"f":{"0":12},"b":{}},"C:\\Users\\timur\\Programming\\Projects\\snippetforge\\apps\\api\\src\\modules\\auth\\guards\\jwt-auth.guard.ts":{"path":"C:\\Users\\timur\\Programming\\Projects\\snippetforge\\apps\\api\\src\\modules\\auth\\guards\\jwt-auth.guard.ts","statementMap":{"0":{"start":{"line":3,"column":0},"end":{"line":3,"column":null}},"1":{"start":{"line":9,"column":0},"end":{"line":9,"column":41}},"2":{"start":{"line":10,"column":0},"end":{"line":10,"column":45}},"3":{"start":{"line":11,"column":0},"end":{"line":11,"column":63}},"4":{"start":{"line":41,"column":25},"end":{"line":100,"column":null}},"5":{"start":{"line":42,"column":28},"end":{"line":42,"column":57}},"6":{"start":{"line":45,"column":4},"end":{"line":45,"column":12}},"7":{"start":{"line":44,"column":22},"end":{"line":44,"column":33}},"8":{"start":{"line":56,"column":21},"end":{"line":59,"column":6}},"9":{"start":{"line":62,"column":4},"end":{"line":65,"column":5}},"10":{"start":{"line":63,"column":6},"end":{"line":63,"column":74}},"11":{"start":{"line":64,"column":6},"end":{"line":64,"column":18}},"12":{"start":{"line":68,"column":4},"end":{"line":68,"column":38}},"13":{"start":{"line":85,"column":4},"end":{"line":88,"column":5}},"14":{"start":{"line":86,"column":6},"end":{"line":86,"column":63}},"15":{"start":{"line":87,"column":6},"end":{"line":87,"column":63}},"16":{"start":{"line":91,"column":4},"end":{"line":96,"column":5}},"17":{"start":{"line":93,"column":8},"end":{"line":93,"column":66}},"18":{"start":{"line":94,"column":6},"end":{"line":94,"column":60}},"19":{"start":{"line":95,"column":6},"end":{"line":95,"column":47}},"20":{"start":{"line":98,"column":4},"end":{"line":98,"column":16}},"21":{"start":{"line":41,"column":13},"end":{"line":41,"column":25}},"22":{"start":{"line":41,"column":13},"end":{"line":100,"column":null}}},"fnMap":{"0":{"name":"(anonymous_2)","decl":{"start":{"line":44,"column":2},"end":{"line":44,"column":22}},"loc":{"start":{"line":44,"column":42},"end":{"line":46,"column":3}}},"1":{"name":"(anonymous_3)","decl":{"start":{"line":54,"column":2},"end":{"line":54,"column":13}},"loc":{"start":{"line":54,"column":39},"end":{"line":69,"column":3}}},"2":{"name":"(anonymous_4)","decl":{"start":{"line":83,"column":2},"end":{"line":83,"column":15}},"loc":{"start":{"line":83,"column":70},"end":{"line":99,"column":3}}}},"branchMap":{"0":{"loc":{"start":{"line":62,"column":4},"end":{"line":65,"column":5}},"type":"if","locations":[{"start":{"line":62,"column":4},"end":{"line":65,"column":5}},{"start":{},"end":{}}]},"1":{"loc":{"start":{"line":85,"column":4},"end":{"line":88,"column":5}},"type":"if","locations":[{"start":{"line":85,"column":4},"end":{"line":88,"column":5}},{"start":{},"end":{}}]},"2":{"loc":{"start":{"line":91,"column":4},"end":{"line":96,"column":5}},"type":"if","locations":[{"start":{"line":91,"column":4},"end":{"line":96,"column":5}},{"start":{},"end":{}}]},"3":{"loc":{"start":{"line":93,"column":8},"end":{"line":93,"column":66}},"type":"binary-expr","locations":[{"start":{"line":93,"column":8},"end":{"line":93,"column":21}},{"start":{"line":93,"column":25},"end":{"line":93,"column":66}}]},"4":{"loc":{"start":{"line":44,"column":33},"end":{"line":44,"column":null}},"type":"cond-expr","locations":[{"start":{"line":44,"column":42},"end":{"line":44,"column":null}},{"start":{"line":44,"column":42},"end":{"line":44,"column":null}}]},"5":{"loc":{"start":{"line":44,"column":33},"end":{"line":44,"column":42}},"type":"binary-expr","locations":[{"start":{"line":44,"column":33},"end":{"line":44,"column":null}},{"start":{"line":44,"column":33},"end":{"line":44,"column":42}}]}},"s":{"0":5,"1":5,"2":5,"3":5,"4":5,"5":15,"6":15,"7":15,"8":39,"9":39,"10":28,"11":28,"12":11,"13":14,"14":1,"15":1,"16":13,"17":6,"18":6,"19":6,"20":7,"21":5,"22":5},"f":{"0":15,"1":39,"2":14},"b":{"0":[28,11],"1":[1,13],"2":[6,7],"3":[6,1],"4":[5,0],"5":[5,5]}},"C:\\Users\\timur\\Programming\\Projects\\snippetforge\\apps\\api\\src\\modules\\auth\\guards\\roles.guard.ts":{"path":"C:\\Users\\timur\\Programming\\Projects\\snippetforge\\apps\\api\\src\\modules\\auth\\guards\\roles.guard.ts","statementMap":{"0":{"start":{"line":3,"column":0},"end":{"line":3,"column":null}},"1":{"start":{"line":10,"column":0},"end":{"line":10,"column":41}},"2":{"start":{"line":13,"column":0},"end":{"line":13,"column":58}},"3":{"start":{"line":40,"column":23},"end":{"line":92,"column":null}},"4":{"start":{"line":41,"column":28},"end":{"line":41,"column":55}},"5":{"start":{"line":43,"column":22},"end":{"line":43,"column":33}},"6":{"start":{"line":54,"column":26},"end":{"line":56,"column":null}},"7":{"start":{"line":60,"column":4},"end":{"line":62,"column":5}},"8":{"start":{"line":61,"column":6},"end":{"line":61,"column":18}},"9":{"start":{"line":65,"column":20},"end":{"line":65,"column":64}},"10":{"start":{"line":66,"column":17},"end":{"line":66,"column":53}},"11":{"start":{"line":69,"column":4},"end":{"line":74,"column":5}},"12":{"start":{"line":70,"column":6},"end":{"line":72,"column":8}},"13":{"start":{"line":73,"column":6},"end":{"line":73,"column":62}},"14":{"start":{"line":77,"column":20},"end":{"line":77,"column":53}},"15":{"start":{"line":79,"column":4},"end":{"line":87,"column":5}},"16":{"start":{"line":80,"column":6},"end":{"line":83,"column":8}},"17":{"start":{"line":84,"column":6},"end":{"line":86,"column":8}},"18":{"start":{"line":89,"column":4},"end":{"line":89,"column":80}},"19":{"start":{"line":90,"column":4},"end":{"line":90,"column":16}},"20":{"start":{"line":40,"column":13},"end":{"line":40,"column":23}},"21":{"start":{"line":40,"column":13},"end":{"line":92,"column":null}}},"fnMap":{"0":{"name":"(anonymous_2)","decl":{"start":{"line":43,"column":2},"end":{"line":43,"column":22}},"loc":{"start":{"line":43,"column":42},"end":{"line":43,"column":46}}},"1":{"name":"(anonymous_3)","decl":{"start":{"line":52,"column":2},"end":{"line":52,"column":13}},"loc":{"start":{"line":52,"column":39},"end":{"line":91,"column":3}}}},"branchMap":{"0":{"loc":{"start":{"line":60,"column":4},"end":{"line":62,"column":5}},"type":"if","locations":[{"start":{"line":60,"column":4},"end":{"line":62,"column":5}},{"start":{},"end":{}}]},"1":{"loc":{"start":{"line":60,"column":8},"end":{"line":60,"column":52}},"type":"binary-expr","locations":[{"start":{"line":60,"column":8},"end":{"line":60,"column":22}},{"start":{"line":60,"column":26},"end":{"line":60,"column":52}}]},"2":{"loc":{"start":{"line":69,"column":4},"end":{"line":74,"column":5}},"type":"if","locations":[{"start":{"line":69,"column":4},"end":{"line":74,"column":5}},{"start":{},"end":{}}]},"3":{"loc":{"start":{"line":79,"column":4},"end":{"line":87,"column":5}},"type":"if","locations":[{"start":{"line":79,"column":4},"end":{"line":87,"column":5}},{"start":{},"end":{}}]},"4":{"loc":{"start":{"line":43,"column":33},"end":{"line":43,"column":45}},"type":"cond-expr","locations":[{"start":{"line":43,"column":42},"end":{"line":43,"column":45}},{"start":{"line":43,"column":42},"end":{"line":43,"column":45}}]},"5":{"loc":{"start":{"line":43,"column":33},"end":{"line":43,"column":42}},"type":"binary-expr","locations":[{"start":{"line":43,"column":33},"end":{"line":43,"column":45}},{"start":{"line":43,"column":33},"end":{"line":43,"column":42}}]}},"s":{"0":5,"1":5,"2":5,"3":5,"4":9,"5":9,"6":6,"7":6,"8":2,"9":4,"10":4,"11":4,"12":1,"13":1,"14":3,"15":3,"16":1,"17":1,"18":2,"19":2,"20":5,"21":5},"f":{"0":9,"1":6},"b":{"0":[2,4],"1":[6,5],"2":[1,3],"3":[1,2],"4":[5,0],"5":[5,5]}},"C:\\Users\\timur\\Programming\\Projects\\snippetforge\\apps\\api\\src\\modules\\auth\\decorators\\roles.decorator.ts":{"path":"C:\\Users\\timur\\Programming\\Projects\\snippetforge\\apps\\api\\src\\modules\\auth\\decorators\\roles.decorator.ts","statementMap":{"0":{"start":{"line":3,"column":0},"end":{"line":3,"column":45}},"1":{"start":{"line":9,"column":13},"end":{"line":9,"column":33}},"2":{"start":{"line":35,"column":21},"end":{"line":35,"column":72}},"3":{"start":{"line":35,"column":43},"end":{"line":35,"column":72}},"4":{"start":{"line":35,"column":13},"end":{"line":35,"column":21}}},"fnMap":{"0":{"name":"(anonymous_0)","decl":{"start":{"line":35,"column":21},"end":{"line":35,"column":22}},"loc":{"start":{"line":35,"column":43},"end":{"line":35,"column":72}}}},"branchMap":{},"s":{"0":5,"1":5,"2":5,"3":0,"4":5},"f":{"0":0},"b":{}},"C:\\Users\\timur\\Programming\\Projects\\snippetforge\\apps\\api\\src\\modules\\auth\\strategies\\jwt.strategy.ts":{"path":"C:\\Users\\timur\\Programming\\Projects\\snippetforge\\apps\\api\\src\\modules\\auth\\strategies\\jwt.strategy.ts","statementMap":{"0":{"start":{"line":3,"column":0},"end":{"line":3,"column":75}},"1":{"start":{"line":4,"column":0},"end":{"line":4,"column":47}},"2":{"start":{"line":5,"column":0},"end":{"line":5,"column":52}},"3":{"start":{"line":6,"column":0},"end":{"line":6,"column":52}},"4":{"start":{"line":7,"column":0},"end":{"line":7,"column":58}},"5":{"start":{"line":33,"column":24},"end":{"line":84,"column":null}},"6":{"start":{"line":34,"column":28},"end":{"line":34,"column":56}},"7":{"start":{"line":41,"column":4},"end":{"line":53,"column":7}},"8":{"start":{"line":37,"column":21},"end":{"line":37,"column":36}},"9":{"start":{"line":38,"column":21},"end":{"line":38,"column":35}},"10":{"start":{"line":68,"column":4},"end":{"line":68,"column":65}},"11":{"start":{"line":72,"column":4},"end":{"line":82,"column":5}},"12":{"start":{"line":73,"column":19},"end":{"line":73,"column":64}},"13":{"start":{"line":75,"column":6},"end":{"line":75,"column":65}},"14":{"start":{"line":76,"column":6},"end":{"line":76,"column":18}},"15":{"start":{"line":80,"column":6},"end":{"line":80,"column":79}},"16":{"start":{"line":81,"column":6},"end":{"line":81,"column":76}},"17":{"start":{"line":33,"column":13},"end":{"line":33,"column":24}},"18":{"start":{"line":33,"column":13},"end":{"line":84,"column":null}}},"fnMap":{"0":{"name":"(anonymous_2)","decl":{"start":{"line":36,"column":2},"end":{"line":36,"column":null}},"loc":{"start":{"line":38,"column":47},"end":{"line":54,"column":3}}},"1":{"name":"(anonymous_3)","decl":{"start":{"line":67,"column":2},"end":{"line":67,"column":7}},"loc":{"start":{"line":67,"column":36},"end":{"line":83,"column":3}}}},"branchMap":{"0":{"loc":{"start":{"line":49,"column":19},"end":{"line":49,"column":64}},"type":"binary-expr","locations":[{"start":{"line":49,"column":19},"end":{"line":49,"column":58}},{"start":{"line":49,"column":62},"end":{"line":49,"column":64}}]},"1":{"loc":{"start":{"line":37,"column":36},"end":{"line":37,"column":null}},"type":"cond-expr","locations":[{"start":{"line":37,"column":49},"end":{"line":37,"column":null}},{"start":{"line":37,"column":49},"end":{"line":37,"column":null}}]},"2":{"loc":{"start":{"line":37,"column":36},"end":{"line":37,"column":49}},"type":"binary-expr","locations":[{"start":{"line":37,"column":36},"end":{"line":37,"column":null}},{"start":{"line":37,"column":36},"end":{"line":37,"column":49}}]},"3":{"loc":{"start":{"line":37,"column":49},"end":{"line":38,"column":null}},"type":"cond-expr","locations":[{"start":{"line":38,"column":47},"end":{"line":38,"column":null}},{"start":{"line":38,"column":47},"end":{"line":38,"column":null}}]},"4":{"loc":{"start":{"line":37,"column":49},"end":{"line":38,"column":47}},"type":"binary-expr","locations":[{"start":{"line":37,"column":49},"end":{"line":38,"column":null}},{"start":{"line":38,"column":35},"end":{"line":38,"column":47}}]}},"s":{"0":5,"1":5,"2":5,"3":5,"4":5,"5":5,"6":5,"7":5,"8":5,"9":5,"10":9,"11":9,"12":9,"13":7,"14":7,"15":2,"16":2,"17":5,"18":5},"f":{"0":5,"1":9},"b":{"0":[5,0],"1":[5,0],"2":[5,5],"3":[5,0],"4":[5,5]}}}}
